14-Dec-2018 01:11:51.358 INFO [main] org.apache.catalina.startup.VersionLoggerListener.log Server version:        Apache Tomcat/9.0.13
14-Dec-2018 01:11:51.361 INFO [main] org.apache.catalina.startup.VersionLoggerListener.log Server built:          Nov 2 2018 14:27:55 UTC
14-Dec-2018 01:11:51.361 INFO [main] org.apache.catalina.startup.VersionLoggerListener.log Server number:         9.0.13.0
14-Dec-2018 01:11:51.362 INFO [main] org.apache.catalina.startup.VersionLoggerListener.log OS Name:               Windows 10
14-Dec-2018 01:11:51.362 INFO [main] org.apache.catalina.startup.VersionLoggerListener.log OS Version:            10.0
14-Dec-2018 01:11:51.362 INFO [main] org.apache.catalina.startup.VersionLoggerListener.log Architecture:          amd64
14-Dec-2018 01:11:51.362 INFO [main] org.apache.catalina.startup.VersionLoggerListener.log Java Home:             C:\Program Files\Java\jre1.8.0_191
14-Dec-2018 01:11:51.362 INFO [main] org.apache.catalina.startup.VersionLoggerListener.log JVM Version:           1.8.0_191-b12
14-Dec-2018 01:11:51.371 INFO [main] org.apache.catalina.startup.VersionLoggerListener.log JVM Vendor:            Oracle Corporation
14-Dec-2018 01:11:51.372 INFO [main] org.apache.catalina.startup.VersionLoggerListener.log CATALINA_BASE:         C:\Users\eskan\IdeaProjects\Github\Hospital\apache-tomcat-9.0.13
14-Dec-2018 01:11:51.372 INFO [main] org.apache.catalina.startup.VersionLoggerListener.log CATALINA_HOME:         C:\Users\eskan\IdeaProjects\Github\Hospital\apache-tomcat-9.0.13
14-Dec-2018 01:11:51.372 INFO [main] org.apache.catalina.startup.VersionLoggerListener.log Command line argument: -Xms128m
14-Dec-2018 01:11:51.373 INFO [main] org.apache.catalina.startup.VersionLoggerListener.log Command line argument: -Xmx512m
14-Dec-2018 01:11:51.373 INFO [main] org.apache.catalina.startup.VersionLoggerListener.log Command line argument: -Dcatalina.home=C:\Users\eskan\IdeaProjects\Github\Hospital\apache-tomcat-9.0.13
14-Dec-2018 01:11:51.373 INFO [main] org.apache.catalina.startup.VersionLoggerListener.log Command line argument: -Dcatalina.base=C:\Users\eskan\IdeaProjects\Github\Hospital\apache-tomcat-9.0.13
14-Dec-2018 01:11:51.373 INFO [main] org.apache.catalina.startup.VersionLoggerListener.log Command line argument: -Djava.io.tmpdir=C:\Users\eskan\IdeaProjects\Github\Hospital\apache-tomcat-9.0.13\temp
14-Dec-2018 01:11:51.373 INFO [main] org.apache.catalina.startup.VersionLoggerListener.log Command line argument: -Djava.util.logging.manager=org.apache.juli.ClassLoaderLogManager
14-Dec-2018 01:11:51.374 INFO [main] org.apache.catalina.startup.VersionLoggerListener.log Command line argument: -Djava.util.logging.config.file=C:\Users\eskan\IdeaProjects\Github\Hospital\apache-tomcat-9.0.13\conf/logging.properties
14-Dec-2018 01:11:51.375 INFO [main] org.apache.catalina.core.AprLifecycleListener.lifecycleEvent Loaded APR based Apache Tomcat Native library [1.2.18] using APR version [1.6.5].
14-Dec-2018 01:11:51.375 INFO [main] org.apache.catalina.core.AprLifecycleListener.lifecycleEvent APR capabilities: IPv6 [true], sendfile [true], accept filters [false], random [true].
14-Dec-2018 01:11:51.376 INFO [main] org.apache.catalina.core.AprLifecycleListener.lifecycleEvent APR/OpenSSL configuration: useAprConnector [false], useOpenSSL [true]
14-Dec-2018 01:11:51.391 INFO [main] org.apache.catalina.core.AprLifecycleListener.initializeSSL OpenSSL successfully initialized [OpenSSL 1.1.1  11 Sep 2018]
14-Dec-2018 01:11:51.718 INFO [main] org.apache.coyote.AbstractProtocol.init Initializing ProtocolHandler ["http-nio-8080"]
14-Dec-2018 01:11:52.058 INFO [main] org.apache.tomcat.util.net.NioSelectorPool.getSharedSelector Using a shared selector for servlet write/read
14-Dec-2018 01:11:52.085 INFO [main] org.apache.coyote.AbstractProtocol.init Initializing ProtocolHandler ["ajp-nio-8009"]
14-Dec-2018 01:11:52.091 INFO [main] org.apache.tomcat.util.net.NioSelectorPool.getSharedSelector Using a shared selector for servlet write/read
14-Dec-2018 01:11:52.091 INFO [main] org.apache.catalina.startup.Catalina.load Initialization processed in 1264 ms
14-Dec-2018 01:11:52.166 INFO [main] org.apache.catalina.core.StandardService.startInternal Starting service [Catalina]
14-Dec-2018 01:11:52.166 INFO [main] org.apache.catalina.core.StandardEngine.startInternal Starting Servlet Engine: Apache Tomcat/9.0.13
14-Dec-2018 01:11:52.225 INFO [main] org.apache.catalina.startup.HostConfig.deployWAR Deploying web application archive [C:\Users\eskan\IdeaProjects\Github\Hospital\apache-tomcat-9.0.13\webapps\cargocpc.war]
14-Dec-2018 01:11:52.973 INFO [main] org.apache.catalina.startup.HostConfig.deployWAR Deployment of web application archive [C:\Users\eskan\IdeaProjects\Github\Hospital\apache-tomcat-9.0.13\webapps\cargocpc.war] has finished in [746] ms
14-Dec-2018 01:11:52.986 INFO [main] org.apache.catalina.startup.HostConfig.deployWAR Deploying web application archive [C:\Users\eskan\IdeaProjects\Github\Hospital\apache-tomcat-9.0.13\webapps\Hospital.war]
14-Dec-2018 01:11:55.918 INFO [main] org.apache.jasper.servlet.TldScanner.scanJars At least one JAR was scanned for TLDs yet contained no TLDs. Enable debug logging for this logger for a complete list of JARs that were scanned but no TLDs were found in them. Skipping unneeded JARs during scanning can improve startup time and JSP compilation time.
14-Dec-2018 01:11:57.234 INFO [main] org.apache.catalina.startup.HostConfig.deployWAR Deployment of web application archive [C:\Users\eskan\IdeaProjects\Github\Hospital\apache-tomcat-9.0.13\webapps\Hospital.war] has finished in [4,248] ms
14-Dec-2018 01:11:57.235 INFO [main] org.apache.catalina.startup.HostConfig.deployDirectory Deploying web application directory [C:\Users\eskan\IdeaProjects\Github\Hospital\apache-tomcat-9.0.13\webapps\docs]
14-Dec-2018 01:11:57.295 INFO [main] org.apache.catalina.startup.HostConfig.deployDirectory Deployment of web application directory [C:\Users\eskan\IdeaProjects\Github\Hospital\apache-tomcat-9.0.13\webapps\docs] has finished in [58] ms
14-Dec-2018 01:11:57.298 INFO [main] org.apache.catalina.startup.HostConfig.deployDirectory Deploying web application directory [C:\Users\eskan\IdeaProjects\Github\Hospital\apache-tomcat-9.0.13\webapps\examples]
14-Dec-2018 01:11:57.934 INFO [main] org.apache.catalina.startup.HostConfig.deployDirectory Deployment of web application directory [C:\Users\eskan\IdeaProjects\Github\Hospital\apache-tomcat-9.0.13\webapps\examples] has finished in [636] ms
14-Dec-2018 01:11:57.936 INFO [main] org.apache.catalina.startup.HostConfig.deployDirectory Deploying web application directory [C:\Users\eskan\IdeaProjects\Github\Hospital\apache-tomcat-9.0.13\webapps\host-manager]
14-Dec-2018 01:11:58.082 INFO [main] org.apache.catalina.startup.HostConfig.deployDirectory Deployment of web application directory [C:\Users\eskan\IdeaProjects\Github\Hospital\apache-tomcat-9.0.13\webapps\host-manager] has finished in [147] ms
14-Dec-2018 01:11:58.083 INFO [main] org.apache.catalina.startup.HostConfig.deployDirectory Deploying web application directory [C:\Users\eskan\IdeaProjects\Github\Hospital\apache-tomcat-9.0.13\webapps\manager]
14-Dec-2018 01:11:58.136 INFO [main] org.apache.catalina.startup.HostConfig.deployDirectory Deployment of web application directory [C:\Users\eskan\IdeaProjects\Github\Hospital\apache-tomcat-9.0.13\webapps\manager] has finished in [53] ms
14-Dec-2018 01:11:58.136 INFO [main] org.apache.catalina.startup.HostConfig.deployDirectory Deploying web application directory [C:\Users\eskan\IdeaProjects\Github\Hospital\apache-tomcat-9.0.13\webapps\ROOT]
14-Dec-2018 01:11:58.171 INFO [main] org.apache.catalina.startup.HostConfig.deployDirectory Deployment of web application directory [C:\Users\eskan\IdeaProjects\Github\Hospital\apache-tomcat-9.0.13\webapps\ROOT] has finished in [35] ms
14-Dec-2018 01:11:58.180 INFO [main] org.apache.coyote.AbstractProtocol.start Starting ProtocolHandler ["http-nio-8080"]
14-Dec-2018 01:11:58.191 INFO [main] org.apache.coyote.AbstractProtocol.start Starting ProtocolHandler ["ajp-nio-8009"]
14-Dec-2018 01:11:58.195 INFO [main] org.apache.catalina.startup.Catalina.start Server startup in 6102 ms
14-Dec-2018 01:13:18.654 INFO [main] org.apache.catalina.startup.VersionLoggerListener.log Server version:        Apache Tomcat/9.0.13
14-Dec-2018 01:13:18.656 INFO [main] org.apache.catalina.startup.VersionLoggerListener.log Server built:          Nov 2 2018 14:27:55 UTC
14-Dec-2018 01:13:18.657 INFO [main] org.apache.catalina.startup.VersionLoggerListener.log Server number:         9.0.13.0
14-Dec-2018 01:13:18.657 INFO [main] org.apache.catalina.startup.VersionLoggerListener.log OS Name:               Windows 10
14-Dec-2018 01:13:18.658 INFO [main] org.apache.catalina.startup.VersionLoggerListener.log OS Version:            10.0
14-Dec-2018 01:13:18.659 INFO [main] org.apache.catalina.startup.VersionLoggerListener.log Architecture:          amd64
14-Dec-2018 01:13:18.659 INFO [main] org.apache.catalina.startup.VersionLoggerListener.log Java Home:             C:\Program Files\Java\jre1.8.0_191
14-Dec-2018 01:13:18.659 INFO [main] org.apache.catalina.startup.VersionLoggerListener.log JVM Version:           1.8.0_191-b12
14-Dec-2018 01:13:18.659 INFO [main] org.apache.catalina.startup.VersionLoggerListener.log JVM Vendor:            Oracle Corporation
14-Dec-2018 01:13:18.659 INFO [main] org.apache.catalina.startup.VersionLoggerListener.log CATALINA_BASE:         C:\Users\eskan\IdeaProjects\Github\Hospital\apache-tomcat-9.0.13
14-Dec-2018 01:13:18.659 INFO [main] org.apache.catalina.startup.VersionLoggerListener.log CATALINA_HOME:         C:\Users\eskan\IdeaProjects\Github\Hospital\apache-tomcat-9.0.13
14-Dec-2018 01:13:18.659 INFO [main] org.apache.catalina.startup.VersionLoggerListener.log Command line argument: -Xms128m
14-Dec-2018 01:13:18.660 INFO [main] org.apache.catalina.startup.VersionLoggerListener.log Command line argument: -Xmx512m
14-Dec-2018 01:13:18.660 INFO [main] org.apache.catalina.startup.VersionLoggerListener.log Command line argument: -Dcatalina.home=C:\Users\eskan\IdeaProjects\Github\Hospital\apache-tomcat-9.0.13
14-Dec-2018 01:13:18.660 INFO [main] org.apache.catalina.startup.VersionLoggerListener.log Command line argument: -Dcatalina.base=C:\Users\eskan\IdeaProjects\Github\Hospital\apache-tomcat-9.0.13
14-Dec-2018 01:13:18.660 INFO [main] org.apache.catalina.startup.VersionLoggerListener.log Command line argument: -Djava.io.tmpdir=C:\Users\eskan\IdeaProjects\Github\Hospital\apache-tomcat-9.0.13\temp
14-Dec-2018 01:13:18.660 INFO [main] org.apache.catalina.startup.VersionLoggerListener.log Command line argument: -Djava.util.logging.manager=org.apache.juli.ClassLoaderLogManager
14-Dec-2018 01:13:18.665 INFO [main] org.apache.catalina.startup.VersionLoggerListener.log Command line argument: -Djava.util.logging.config.file=C:\Users\eskan\IdeaProjects\Github\Hospital\apache-tomcat-9.0.13\conf/logging.properties
14-Dec-2018 01:13:18.667 INFO [main] org.apache.catalina.core.AprLifecycleListener.lifecycleEvent Loaded APR based Apache Tomcat Native library [1.2.18] using APR version [1.6.5].
14-Dec-2018 01:13:18.667 INFO [main] org.apache.catalina.core.AprLifecycleListener.lifecycleEvent APR capabilities: IPv6 [true], sendfile [true], accept filters [false], random [true].
14-Dec-2018 01:13:18.667 INFO [main] org.apache.catalina.core.AprLifecycleListener.lifecycleEvent APR/OpenSSL configuration: useAprConnector [false], useOpenSSL [true]
14-Dec-2018 01:13:18.680 INFO [main] org.apache.catalina.core.AprLifecycleListener.initializeSSL OpenSSL successfully initialized [OpenSSL 1.1.1  11 Sep 2018]
14-Dec-2018 01:13:18.954 INFO [main] org.apache.coyote.AbstractProtocol.init Initializing ProtocolHandler ["http-nio-8080"]
14-Dec-2018 01:13:19.306 INFO [main] org.apache.tomcat.util.net.NioSelectorPool.getSharedSelector Using a shared selector for servlet write/read
14-Dec-2018 01:13:19.331 INFO [main] org.apache.coyote.AbstractProtocol.init Initializing ProtocolHandler ["ajp-nio-8009"]
14-Dec-2018 01:13:19.336 INFO [main] org.apache.tomcat.util.net.NioSelectorPool.getSharedSelector Using a shared selector for servlet write/read
14-Dec-2018 01:13:19.336 INFO [main] org.apache.catalina.startup.Catalina.load Initialization processed in 1153 ms
14-Dec-2018 01:13:19.429 INFO [main] org.apache.catalina.core.StandardService.startInternal Starting service [Catalina]
14-Dec-2018 01:13:19.429 INFO [main] org.apache.catalina.core.StandardEngine.startInternal Starting Servlet Engine: Apache Tomcat/9.0.13
14-Dec-2018 01:13:19.496 INFO [main] org.apache.catalina.startup.HostConfig.deployWAR Deploying web application archive [C:\Users\eskan\IdeaProjects\Github\Hospital\apache-tomcat-9.0.13\webapps\cargocpc.war]
14-Dec-2018 01:13:19.577 INFO [main] org.apache.catalina.startup.ExpandWar.expand An expanded directory [C:\Users\eskan\IdeaProjects\Github\Hospital\apache-tomcat-9.0.13\webapps\cargocpc] was found with a last modified time that did not match the associated WAR. It will be deleted.
14-Dec-2018 01:13:20.053 INFO [main] org.apache.catalina.startup.HostConfig.deployWAR Deployment of web application archive [C:\Users\eskan\IdeaProjects\Github\Hospital\apache-tomcat-9.0.13\webapps\cargocpc.war] has finished in [558] ms
14-Dec-2018 01:13:20.057 INFO [main] org.apache.catalina.startup.HostConfig.deployWAR Deploying web application archive [C:\Users\eskan\IdeaProjects\Github\Hospital\apache-tomcat-9.0.13\webapps\Hospital.war]
14-Dec-2018 01:13:22.452 INFO [main] org.apache.jasper.servlet.TldScanner.scanJars At least one JAR was scanned for TLDs yet contained no TLDs. Enable debug logging for this logger for a complete list of JARs that were scanned but no TLDs were found in them. Skipping unneeded JARs during scanning can improve startup time and JSP compilation time.
14-Dec-2018 01:13:23.508 INFO [main] org.apache.catalina.startup.HostConfig.deployWAR Deployment of web application archive [C:\Users\eskan\IdeaProjects\Github\Hospital\apache-tomcat-9.0.13\webapps\Hospital.war] has finished in [3,451] ms
14-Dec-2018 01:13:23.509 INFO [main] org.apache.catalina.startup.HostConfig.deployDirectory Deploying web application directory [C:\Users\eskan\IdeaProjects\Github\Hospital\apache-tomcat-9.0.13\webapps\docs]
14-Dec-2018 01:13:23.568 INFO [main] org.apache.catalina.startup.HostConfig.deployDirectory Deployment of web application directory [C:\Users\eskan\IdeaProjects\Github\Hospital\apache-tomcat-9.0.13\webapps\docs] has finished in [58] ms
14-Dec-2018 01:13:23.569 INFO [main] org.apache.catalina.startup.HostConfig.deployDirectory Deploying web application directory [C:\Users\eskan\IdeaProjects\Github\Hospital\apache-tomcat-9.0.13\webapps\examples]
14-Dec-2018 01:13:24.038 INFO [main] org.apache.catalina.startup.HostConfig.deployDirectory Deployment of web application directory [C:\Users\eskan\IdeaProjects\Github\Hospital\apache-tomcat-9.0.13\webapps\examples] has finished in [469] ms
14-Dec-2018 01:13:24.042 INFO [main] org.apache.catalina.startup.HostConfig.deployDirectory Deploying web application directory [C:\Users\eskan\IdeaProjects\Github\Hospital\apache-tomcat-9.0.13\webapps\host-manager]
14-Dec-2018 01:13:24.112 INFO [main] org.apache.catalina.startup.HostConfig.deployDirectory Deployment of web application directory [C:\Users\eskan\IdeaProjects\Github\Hospital\apache-tomcat-9.0.13\webapps\host-manager] has finished in [72] ms
14-Dec-2018 01:13:24.112 INFO [main] org.apache.catalina.startup.HostConfig.deployDirectory Deploying web application directory [C:\Users\eskan\IdeaProjects\Github\Hospital\apache-tomcat-9.0.13\webapps\manager]
14-Dec-2018 01:13:24.193 INFO [main] org.apache.catalina.startup.HostConfig.deployDirectory Deployment of web application directory [C:\Users\eskan\IdeaProjects\Github\Hospital\apache-tomcat-9.0.13\webapps\manager] has finished in [80] ms
14-Dec-2018 01:13:24.195 INFO [main] org.apache.catalina.startup.HostConfig.deployDirectory Deploying web application directory [C:\Users\eskan\IdeaProjects\Github\Hospital\apache-tomcat-9.0.13\webapps\ROOT]
14-Dec-2018 01:13:24.255 INFO [main] org.apache.catalina.startup.HostConfig.deployDirectory Deployment of web application directory [C:\Users\eskan\IdeaProjects\Github\Hospital\apache-tomcat-9.0.13\webapps\ROOT] has finished in [59] ms
14-Dec-2018 01:13:24.262 INFO [main] org.apache.coyote.AbstractProtocol.start Starting ProtocolHandler ["http-nio-8080"]
14-Dec-2018 01:13:24.279 INFO [main] org.apache.coyote.AbstractProtocol.start Starting ProtocolHandler ["ajp-nio-8009"]
14-Dec-2018 01:13:24.287 INFO [main] org.apache.catalina.startup.Catalina.start Server startup in 4949 ms
14-Dec-2018 01:14:04.200 SEVERE [main] org.apache.catalina.startup.Catalina.stopServer Could not contact [localhost:8005] (base port [8005] and offset [0]). Tomcat may not be running.
14-Dec-2018 01:14:19.620 INFO [main] org.apache.catalina.startup.VersionLoggerListener.log Server version:        Apache Tomcat/9.0.13
14-Dec-2018 01:14:19.624 INFO [main] org.apache.catalina.startup.VersionLoggerListener.log Server built:          Nov 2 2018 14:27:55 UTC
14-Dec-2018 01:14:19.624 INFO [main] org.apache.catalina.startup.VersionLoggerListener.log Server number:         9.0.13.0
14-Dec-2018 01:14:19.624 INFO [main] org.apache.catalina.startup.VersionLoggerListener.log OS Name:               Windows 10
14-Dec-2018 01:14:19.625 INFO [main] org.apache.catalina.startup.VersionLoggerListener.log OS Version:            10.0
14-Dec-2018 01:14:19.625 INFO [main] org.apache.catalina.startup.VersionLoggerListener.log Architecture:          amd64
14-Dec-2018 01:14:19.625 INFO [main] org.apache.catalina.startup.VersionLoggerListener.log Java Home:             C:\Program Files\Java\jre1.8.0_191
14-Dec-2018 01:14:19.625 INFO [main] org.apache.catalina.startup.VersionLoggerListener.log JVM Version:           1.8.0_191-b12
14-Dec-2018 01:14:19.625 INFO [main] org.apache.catalina.startup.VersionLoggerListener.log JVM Vendor:            Oracle Corporation
14-Dec-2018 01:14:19.626 INFO [main] org.apache.catalina.startup.VersionLoggerListener.log CATALINA_BASE:         C:\Users\eskan\IdeaProjects\Github\Hospital\apache-tomcat-9.0.13
14-Dec-2018 01:14:19.626 INFO [main] org.apache.catalina.startup.VersionLoggerListener.log CATALINA_HOME:         C:\Users\eskan\IdeaProjects\Github\Hospital\apache-tomcat-9.0.13
14-Dec-2018 01:14:19.627 INFO [main] org.apache.catalina.startup.VersionLoggerListener.log Command line argument: -Xms128m
14-Dec-2018 01:14:19.627 INFO [main] org.apache.catalina.startup.VersionLoggerListener.log Command line argument: -Xmx512m
14-Dec-2018 01:14:19.628 INFO [main] org.apache.catalina.startup.VersionLoggerListener.log Command line argument: -Dcatalina.home=C:\Users\eskan\IdeaProjects\Github\Hospital\apache-tomcat-9.0.13
14-Dec-2018 01:14:19.628 INFO [main] org.apache.catalina.startup.VersionLoggerListener.log Command line argument: -Dcatalina.base=C:\Users\eskan\IdeaProjects\Github\Hospital\apache-tomcat-9.0.13
14-Dec-2018 01:14:19.628 INFO [main] org.apache.catalina.startup.VersionLoggerListener.log Command line argument: -Djava.io.tmpdir=C:\Users\eskan\IdeaProjects\Github\Hospital\apache-tomcat-9.0.13\temp
14-Dec-2018 01:14:19.628 INFO [main] org.apache.catalina.startup.VersionLoggerListener.log Command line argument: -Djava.util.logging.manager=org.apache.juli.ClassLoaderLogManager
14-Dec-2018 01:14:19.631 INFO [main] org.apache.catalina.startup.VersionLoggerListener.log Command line argument: -Djava.util.logging.config.file=C:\Users\eskan\IdeaProjects\Github\Hospital\apache-tomcat-9.0.13\conf/logging.properties
14-Dec-2018 01:14:19.631 INFO [main] org.apache.catalina.core.AprLifecycleListener.lifecycleEvent Loaded APR based Apache Tomcat Native library [1.2.18] using APR version [1.6.5].
14-Dec-2018 01:14:19.632 INFO [main] org.apache.catalina.core.AprLifecycleListener.lifecycleEvent APR capabilities: IPv6 [true], sendfile [true], accept filters [false], random [true].
14-Dec-2018 01:14:19.632 INFO [main] org.apache.catalina.core.AprLifecycleListener.lifecycleEvent APR/OpenSSL configuration: useAprConnector [false], useOpenSSL [true]
14-Dec-2018 01:14:19.638 INFO [main] org.apache.catalina.core.AprLifecycleListener.initializeSSL OpenSSL successfully initialized [OpenSSL 1.1.1  11 Sep 2018]
14-Dec-2018 01:14:19.905 INFO [main] org.apache.coyote.AbstractProtocol.init Initializing ProtocolHandler ["http-nio-8080"]
14-Dec-2018 01:14:20.279 INFO [main] org.apache.tomcat.util.net.NioSelectorPool.getSharedSelector Using a shared selector for servlet write/read
14-Dec-2018 01:14:20.308 INFO [main] org.apache.coyote.AbstractProtocol.init Initializing ProtocolHandler ["ajp-nio-8009"]
14-Dec-2018 01:14:20.313 INFO [main] org.apache.tomcat.util.net.NioSelectorPool.getSharedSelector Using a shared selector for servlet write/read
14-Dec-2018 01:14:20.314 INFO [main] org.apache.catalina.startup.Catalina.load Initialization processed in 1158 ms
14-Dec-2018 01:14:20.427 INFO [main] org.apache.catalina.core.StandardService.startInternal Starting service [Catalina]
14-Dec-2018 01:14:20.427 INFO [main] org.apache.catalina.core.StandardEngine.startInternal Starting Servlet Engine: Apache Tomcat/9.0.13
14-Dec-2018 01:14:20.464 INFO [main] org.apache.catalina.startup.HostConfig.deployWAR Deploying web application archive [C:\Users\eskan\IdeaProjects\Github\Hospital\apache-tomcat-9.0.13\webapps\cargocpc.war]
14-Dec-2018 01:14:20.547 INFO [main] org.apache.catalina.startup.ExpandWar.expand An expanded directory [C:\Users\eskan\IdeaProjects\Github\Hospital\apache-tomcat-9.0.13\webapps\cargocpc] was found with a last modified time that did not match the associated WAR. It will be deleted.
14-Dec-2018 01:14:20.974 INFO [main] org.apache.catalina.startup.HostConfig.deployWAR Deployment of web application archive [C:\Users\eskan\IdeaProjects\Github\Hospital\apache-tomcat-9.0.13\webapps\cargocpc.war] has finished in [511] ms
14-Dec-2018 01:14:20.978 INFO [main] org.apache.catalina.startup.HostConfig.deployWAR Deploying web application archive [C:\Users\eskan\IdeaProjects\Github\Hospital\apache-tomcat-9.0.13\webapps\Hospital.war]
14-Dec-2018 01:14:23.278 INFO [main] org.apache.jasper.servlet.TldScanner.scanJars At least one JAR was scanned for TLDs yet contained no TLDs. Enable debug logging for this logger for a complete list of JARs that were scanned but no TLDs were found in them. Skipping unneeded JARs during scanning can improve startup time and JSP compilation time.
14-Dec-2018 01:14:24.346 INFO [main] org.apache.catalina.startup.HostConfig.deployWAR Deployment of web application archive [C:\Users\eskan\IdeaProjects\Github\Hospital\apache-tomcat-9.0.13\webapps\Hospital.war] has finished in [3,369] ms
14-Dec-2018 01:14:24.348 INFO [main] org.apache.catalina.startup.HostConfig.deployDirectory Deploying web application directory [C:\Users\eskan\IdeaProjects\Github\Hospital\apache-tomcat-9.0.13\webapps\docs]
14-Dec-2018 01:14:24.399 INFO [main] org.apache.catalina.startup.HostConfig.deployDirectory Deployment of web application directory [C:\Users\eskan\IdeaProjects\Github\Hospital\apache-tomcat-9.0.13\webapps\docs] has finished in [52] ms
14-Dec-2018 01:14:24.400 INFO [main] org.apache.catalina.startup.HostConfig.deployDirectory Deploying web application directory [C:\Users\eskan\IdeaProjects\Github\Hospital\apache-tomcat-9.0.13\webapps\examples]
14-Dec-2018 01:14:24.882 INFO [main] org.apache.catalina.startup.HostConfig.deployDirectory Deployment of web application directory [C:\Users\eskan\IdeaProjects\Github\Hospital\apache-tomcat-9.0.13\webapps\examples] has finished in [482] ms
14-Dec-2018 01:14:24.883 INFO [main] org.apache.catalina.startup.HostConfig.deployDirectory Deploying web application directory [C:\Users\eskan\IdeaProjects\Github\Hospital\apache-tomcat-9.0.13\webapps\host-manager]
14-Dec-2018 01:14:24.957 INFO [main] org.apache.catalina.startup.HostConfig.deployDirectory Deployment of web application directory [C:\Users\eskan\IdeaProjects\Github\Hospital\apache-tomcat-9.0.13\webapps\host-manager] has finished in [74] ms
14-Dec-2018 01:14:24.958 INFO [main] org.apache.catalina.startup.HostConfig.deployDirectory Deploying web application directory [C:\Users\eskan\IdeaProjects\Github\Hospital\apache-tomcat-9.0.13\webapps\manager]
14-Dec-2018 01:14:25.036 INFO [main] org.apache.catalina.startup.HostConfig.deployDirectory Deployment of web application directory [C:\Users\eskan\IdeaProjects\Github\Hospital\apache-tomcat-9.0.13\webapps\manager] has finished in [79] ms
14-Dec-2018 01:14:25.038 INFO [main] org.apache.catalina.startup.HostConfig.deployDirectory Deploying web application directory [C:\Users\eskan\IdeaProjects\Github\Hospital\apache-tomcat-9.0.13\webapps\ROOT]
14-Dec-2018 01:14:25.101 INFO [main] org.apache.catalina.startup.HostConfig.deployDirectory Deployment of web application directory [C:\Users\eskan\IdeaProjects\Github\Hospital\apache-tomcat-9.0.13\webapps\ROOT] has finished in [63] ms
14-Dec-2018 01:14:25.104 INFO [main] org.apache.coyote.AbstractProtocol.start Starting ProtocolHandler ["http-nio-8080"]
14-Dec-2018 01:14:25.128 INFO [main] org.apache.coyote.AbstractProtocol.start Starting ProtocolHandler ["ajp-nio-8009"]
14-Dec-2018 01:14:25.133 INFO [main] org.apache.catalina.startup.Catalina.start Server startup in 4818 ms
14-Dec-2018 01:16:39.065 SEVERE [main] org.apache.catalina.startup.Catalina.stopServer Could not contact [localhost:8005] (base port [8005] and offset [0]). Tomcat may not be running.
14-Dec-2018 01:33:03.931 INFO [main] org.apache.catalina.startup.VersionLoggerListener.log Server version:        Apache Tomcat/9.0.13
14-Dec-2018 01:33:03.936 INFO [main] org.apache.catalina.startup.VersionLoggerListener.log Server built:          Nov 2 2018 14:27:55 UTC
14-Dec-2018 01:33:03.936 INFO [main] org.apache.catalina.startup.VersionLoggerListener.log Server number:         9.0.13.0
14-Dec-2018 01:33:03.936 INFO [main] org.apache.catalina.startup.VersionLoggerListener.log OS Name:               Windows 10
14-Dec-2018 01:33:03.936 INFO [main] org.apache.catalina.startup.VersionLoggerListener.log OS Version:            10.0
14-Dec-2018 01:33:03.936 INFO [main] org.apache.catalina.startup.VersionLoggerListener.log Architecture:          amd64
14-Dec-2018 01:33:03.936 INFO [main] org.apache.catalina.startup.VersionLoggerListener.log Java Home:             C:\Program Files\Java\jdk1.8.0_191\jre
14-Dec-2018 01:33:03.937 INFO [main] org.apache.catalina.startup.VersionLoggerListener.log JVM Version:           1.8.0_191-b12
14-Dec-2018 01:33:03.938 INFO [main] org.apache.catalina.startup.VersionLoggerListener.log JVM Vendor:            Oracle Corporation
14-Dec-2018 01:33:03.938 INFO [main] org.apache.catalina.startup.VersionLoggerListener.log CATALINA_BASE:         C:\Users\eskan\IdeaProjects\Github\Hospital\apache-tomcat-9.0.13
14-Dec-2018 01:33:03.938 INFO [main] org.apache.catalina.startup.VersionLoggerListener.log CATALINA_HOME:         C:\Users\eskan\IdeaProjects\Github\Hospital\apache-tomcat-9.0.13
14-Dec-2018 01:33:03.938 INFO [main] org.apache.catalina.startup.VersionLoggerListener.log Command line argument: -Xms128m
14-Dec-2018 01:33:03.939 INFO [main] org.apache.catalina.startup.VersionLoggerListener.log Command line argument: -Xmx512m
14-Dec-2018 01:33:03.939 INFO [main] org.apache.catalina.startup.VersionLoggerListener.log Command line argument: -Dcatalina.home=C:\Users\eskan\IdeaProjects\Github\Hospital\apache-tomcat-9.0.13
14-Dec-2018 01:33:03.941 INFO [main] org.apache.catalina.startup.VersionLoggerListener.log Command line argument: -Dcatalina.base=C:\Users\eskan\IdeaProjects\Github\Hospital\apache-tomcat-9.0.13
14-Dec-2018 01:33:03.942 INFO [main] org.apache.catalina.startup.VersionLoggerListener.log Command line argument: -Djava.io.tmpdir=C:\Users\eskan\IdeaProjects\Github\Hospital\apache-tomcat-9.0.13\temp
14-Dec-2018 01:33:03.942 INFO [main] org.apache.catalina.startup.VersionLoggerListener.log Command line argument: -Djava.util.logging.manager=org.apache.juli.ClassLoaderLogManager
14-Dec-2018 01:33:03.944 INFO [main] org.apache.catalina.startup.VersionLoggerListener.log Command line argument: -Djava.util.logging.config.file=C:\Users\eskan\IdeaProjects\Github\Hospital\apache-tomcat-9.0.13\conf/logging.properties
14-Dec-2018 01:33:03.944 INFO [main] org.apache.catalina.core.AprLifecycleListener.lifecycleEvent Loaded APR based Apache Tomcat Native library [1.2.18] using APR version [1.6.5].
14-Dec-2018 01:33:03.944 INFO [main] org.apache.catalina.core.AprLifecycleListener.lifecycleEvent APR capabilities: IPv6 [true], sendfile [true], accept filters [false], random [true].
14-Dec-2018 01:33:03.944 INFO [main] org.apache.catalina.core.AprLifecycleListener.lifecycleEvent APR/OpenSSL configuration: useAprConnector [false], useOpenSSL [true]
14-Dec-2018 01:33:03.959 INFO [main] org.apache.catalina.core.AprLifecycleListener.initializeSSL OpenSSL successfully initialized [OpenSSL 1.1.1  11 Sep 2018]
14-Dec-2018 01:33:04.317 INFO [main] org.apache.coyote.AbstractProtocol.init Initializing ProtocolHandler ["http-nio-8080"]
14-Dec-2018 01:33:04.844 INFO [main] org.apache.tomcat.util.net.NioSelectorPool.getSharedSelector Using a shared selector for servlet write/read
14-Dec-2018 01:33:04.893 INFO [main] org.apache.coyote.AbstractProtocol.init Initializing ProtocolHandler ["ajp-nio-8009"]
14-Dec-2018 01:33:04.899 INFO [main] org.apache.tomcat.util.net.NioSelectorPool.getSharedSelector Using a shared selector for servlet write/read
14-Dec-2018 01:33:04.900 INFO [main] org.apache.catalina.startup.Catalina.load Initialization processed in 1539 ms
14-Dec-2018 01:33:04.984 INFO [main] org.apache.catalina.core.StandardService.startInternal Starting service [Catalina]
14-Dec-2018 01:33:04.985 INFO [main] org.apache.catalina.core.StandardEngine.startInternal Starting Servlet Engine: Apache Tomcat/9.0.13
14-Dec-2018 01:33:05.063 INFO [main] org.apache.catalina.startup.HostConfig.deployWAR Deploying web application archive [C:\Users\eskan\IdeaProjects\Github\Hospital\apache-tomcat-9.0.13\webapps\cargocpc.war]
14-Dec-2018 01:33:05.186 INFO [main] org.apache.catalina.startup.ExpandWar.expand An expanded directory [C:\Users\eskan\IdeaProjects\Github\Hospital\apache-tomcat-9.0.13\webapps\cargocpc] was found with a last modified time that did not match the associated WAR. It will be deleted.
14-Dec-2018 01:33:05.942 INFO [main] org.apache.catalina.startup.HostConfig.deployWAR Deployment of web application archive [C:\Users\eskan\IdeaProjects\Github\Hospital\apache-tomcat-9.0.13\webapps\cargocpc.war] has finished in [878] ms
14-Dec-2018 01:33:05.948 INFO [main] org.apache.catalina.startup.HostConfig.deployWAR Deploying web application archive [C:\Users\eskan\IdeaProjects\Github\Hospital\apache-tomcat-9.0.13\webapps\Hospital.war]
14-Dec-2018 01:33:08.183 INFO [main] org.apache.jasper.servlet.TldScanner.scanJars At least one JAR was scanned for TLDs yet contained no TLDs. Enable debug logging for this logger for a complete list of JARs that were scanned but no TLDs were found in them. Skipping unneeded JARs during scanning can improve startup time and JSP compilation time.
14-Dec-2018 01:33:09.695 INFO [main] org.apache.catalina.startup.HostConfig.deployWAR Deployment of web application archive [C:\Users\eskan\IdeaProjects\Github\Hospital\apache-tomcat-9.0.13\webapps\Hospital.war] has finished in [3,746] ms
14-Dec-2018 01:33:09.698 INFO [main] org.apache.catalina.startup.HostConfig.deployDirectory Deploying web application directory [C:\Users\eskan\IdeaProjects\Github\Hospital\apache-tomcat-9.0.13\webapps\docs]
14-Dec-2018 01:33:09.806 INFO [main] org.apache.catalina.startup.HostConfig.deployDirectory Deployment of web application directory [C:\Users\eskan\IdeaProjects\Github\Hospital\apache-tomcat-9.0.13\webapps\docs] has finished in [108] ms
14-Dec-2018 01:33:09.806 INFO [main] org.apache.catalina.startup.HostConfig.deployDirectory Deploying web application directory [C:\Users\eskan\IdeaProjects\Github\Hospital\apache-tomcat-9.0.13\webapps\examples]
14-Dec-2018 01:33:10.615 INFO [main] org.apache.catalina.startup.HostConfig.deployDirectory Deployment of web application directory [C:\Users\eskan\IdeaProjects\Github\Hospital\apache-tomcat-9.0.13\webapps\examples] has finished in [809] ms
14-Dec-2018 01:33:10.616 INFO [main] org.apache.catalina.startup.HostConfig.deployDirectory Deploying web application directory [C:\Users\eskan\IdeaProjects\Github\Hospital\apache-tomcat-9.0.13\webapps\host-manager]
14-Dec-2018 01:33:10.738 INFO [main] org.apache.catalina.startup.HostConfig.deployDirectory Deployment of web application directory [C:\Users\eskan\IdeaProjects\Github\Hospital\apache-tomcat-9.0.13\webapps\host-manager] has finished in [122] ms
14-Dec-2018 01:33:10.739 INFO [main] org.apache.catalina.startup.HostConfig.deployDirectory Deploying web application directory [C:\Users\eskan\IdeaProjects\Github\Hospital\apache-tomcat-9.0.13\webapps\manager]
14-Dec-2018 01:33:10.863 INFO [main] org.apache.catalina.startup.HostConfig.deployDirectory Deployment of web application directory [C:\Users\eskan\IdeaProjects\Github\Hospital\apache-tomcat-9.0.13\webapps\manager] has finished in [124] ms
14-Dec-2018 01:33:10.863 INFO [main] org.apache.catalina.startup.HostConfig.deployDirectory Deploying web application directory [C:\Users\eskan\IdeaProjects\Github\Hospital\apache-tomcat-9.0.13\webapps\ROOT]
14-Dec-2018 01:33:10.964 INFO [main] org.apache.catalina.startup.HostConfig.deployDirectory Deployment of web application directory [C:\Users\eskan\IdeaProjects\Github\Hospital\apache-tomcat-9.0.13\webapps\ROOT] has finished in [100] ms
14-Dec-2018 01:33:10.973 INFO [main] org.apache.coyote.AbstractProtocol.start Starting ProtocolHandler ["http-nio-8080"]
14-Dec-2018 01:33:11.038 INFO [main] org.apache.coyote.AbstractProtocol.start Starting ProtocolHandler ["ajp-nio-8009"]
14-Dec-2018 01:33:11.053 INFO [main] org.apache.catalina.startup.Catalina.start Server startup in 6154 ms
14-Dec-2018 01:35:04.437 INFO [main] org.apache.catalina.core.StandardServer.await A valid shutdown command was received via the shutdown port. Stopping the Server instance.
14-Dec-2018 01:35:04.437 INFO [main] org.apache.coyote.AbstractProtocol.pause Pausing ProtocolHandler ["http-nio-8080"]
14-Dec-2018 01:35:04.622 INFO [main] org.apache.coyote.AbstractProtocol.pause Pausing ProtocolHandler ["ajp-nio-8009"]
14-Dec-2018 01:35:04.807 INFO [main] org.apache.catalina.core.StandardService.stopInternal Stopping service [Catalina]
14-Dec-2018 01:35:04.855 WARNING [main] org.apache.catalina.loader.WebappClassLoaderBase.clearReferencesJdbc The web application [Hospital] registered the JDBC driver [com.mysql.cj.jdbc.Driver] but failed to unregister it when the web application was stopped. To prevent a memory leak, the JDBC Driver has been forcibly unregistered.
14-Dec-2018 01:35:04.856 WARNING [main] org.apache.catalina.loader.WebappClassLoaderBase.clearReferencesThreads The web application [Hospital] appears to have started a thread named [Abandoned connection cleanup thread] but has failed to stop it. This is very likely to create a memory leak. Stack trace of thread:
 java.lang.Object.wait(Native Method)
 java.lang.ref.ReferenceQueue.remove(ReferenceQueue.java:144)
 com.mysql.cj.jdbc.AbandonedConnectionCleanupThread.run(AbandonedConnectionCleanupThread.java:70)
 java.util.concurrent.ThreadPoolExecutor.runWorker(ThreadPoolExecutor.java:1149)
 java.util.concurrent.ThreadPoolExecutor$Worker.run(ThreadPoolExecutor.java:624)
 java.lang.Thread.run(Thread.java:748)
14-Dec-2018 01:35:04.869 INFO [main] org.apache.coyote.AbstractProtocol.stop Stopping ProtocolHandler ["http-nio-8080"]
14-Dec-2018 01:35:04.875 INFO [main] org.apache.coyote.AbstractProtocol.stop Stopping ProtocolHandler ["ajp-nio-8009"]
14-Dec-2018 01:35:04.878 INFO [main] org.apache.coyote.AbstractProtocol.destroy Destroying ProtocolHandler ["http-nio-8080"]
14-Dec-2018 01:35:04.879 INFO [main] org.apache.coyote.AbstractProtocol.destroy Destroying ProtocolHandler ["ajp-nio-8009"]
14-Dec-2018 01:35:22.028 SEVERE [main] org.apache.catalina.startup.Catalina.stopServer Could not contact [localhost:8005] (base port [8005] and offset [0]). Tomcat may not be running.
14-Dec-2018 01:36:17.892 INFO [main] org.apache.catalina.startup.VersionLoggerListener.log Server version:        Apache Tomcat/9.0.13
14-Dec-2018 01:36:17.894 INFO [main] org.apache.catalina.startup.VersionLoggerListener.log Server built:          Nov 2 2018 14:27:55 UTC
14-Dec-2018 01:36:17.894 INFO [main] org.apache.catalina.startup.VersionLoggerListener.log Server number:         9.0.13.0
14-Dec-2018 01:36:17.895 INFO [main] org.apache.catalina.startup.VersionLoggerListener.log OS Name:               Windows 10
14-Dec-2018 01:36:17.895 INFO [main] org.apache.catalina.startup.VersionLoggerListener.log OS Version:            10.0
14-Dec-2018 01:36:17.895 INFO [main] org.apache.catalina.startup.VersionLoggerListener.log Architecture:          amd64
14-Dec-2018 01:36:17.903 INFO [main] org.apache.catalina.startup.VersionLoggerListener.log Java Home:             C:\Program Files\Java\jdk1.8.0_191\jre
14-Dec-2018 01:36:17.903 INFO [main] org.apache.catalina.startup.VersionLoggerListener.log JVM Version:           1.8.0_191-b12
14-Dec-2018 01:36:17.904 INFO [main] org.apache.catalina.startup.VersionLoggerListener.log JVM Vendor:            Oracle Corporation
14-Dec-2018 01:36:17.905 INFO [main] org.apache.catalina.startup.VersionLoggerListener.log CATALINA_BASE:         C:\Users\eskan\IdeaProjects\Github\Hospital\apache-tomcat-9.0.13
14-Dec-2018 01:36:17.905 INFO [main] org.apache.catalina.startup.VersionLoggerListener.log CATALINA_HOME:         C:\Users\eskan\IdeaProjects\Github\Hospital\apache-tomcat-9.0.13
14-Dec-2018 01:36:17.906 INFO [main] org.apache.catalina.startup.VersionLoggerListener.log Command line argument: -Xms128m
14-Dec-2018 01:36:17.906 INFO [main] org.apache.catalina.startup.VersionLoggerListener.log Command line argument: -Xmx512m
14-Dec-2018 01:36:17.907 INFO [main] org.apache.catalina.startup.VersionLoggerListener.log Command line argument: -Dcatalina.home=C:\Users\eskan\IdeaProjects\Github\Hospital\apache-tomcat-9.0.13
14-Dec-2018 01:36:17.907 INFO [main] org.apache.catalina.startup.VersionLoggerListener.log Command line argument: -Dcatalina.base=C:\Users\eskan\IdeaProjects\Github\Hospital\apache-tomcat-9.0.13
14-Dec-2018 01:36:17.907 INFO [main] org.apache.catalina.startup.VersionLoggerListener.log Command line argument: -Djava.io.tmpdir=C:\Users\eskan\IdeaProjects\Github\Hospital\apache-tomcat-9.0.13\temp
14-Dec-2018 01:36:17.908 INFO [main] org.apache.catalina.startup.VersionLoggerListener.log Command line argument: -Djava.util.logging.manager=org.apache.juli.ClassLoaderLogManager
14-Dec-2018 01:36:17.908 INFO [main] org.apache.catalina.startup.VersionLoggerListener.log Command line argument: -Djava.util.logging.config.file=C:\Users\eskan\IdeaProjects\Github\Hospital\apache-tomcat-9.0.13\conf/logging.properties
14-Dec-2018 01:36:17.908 INFO [main] org.apache.catalina.core.AprLifecycleListener.lifecycleEvent Loaded APR based Apache Tomcat Native library [1.2.18] using APR version [1.6.5].
14-Dec-2018 01:36:17.909 INFO [main] org.apache.catalina.core.AprLifecycleListener.lifecycleEvent APR capabilities: IPv6 [true], sendfile [true], accept filters [false], random [true].
14-Dec-2018 01:36:17.909 INFO [main] org.apache.catalina.core.AprLifecycleListener.lifecycleEvent APR/OpenSSL configuration: useAprConnector [false], useOpenSSL [true]
14-Dec-2018 01:36:17.924 INFO [main] org.apache.catalina.core.AprLifecycleListener.initializeSSL OpenSSL successfully initialized [OpenSSL 1.1.1  11 Sep 2018]
14-Dec-2018 01:36:18.232 INFO [main] org.apache.coyote.AbstractProtocol.init Initializing ProtocolHandler ["http-nio-8080"]
14-Dec-2018 01:36:18.661 INFO [main] org.apache.tomcat.util.net.NioSelectorPool.getSharedSelector Using a shared selector for servlet write/read
14-Dec-2018 01:36:18.682 INFO [main] org.apache.coyote.AbstractProtocol.init Initializing ProtocolHandler ["ajp-nio-8009"]
14-Dec-2018 01:36:18.707 INFO [main] org.apache.tomcat.util.net.NioSelectorPool.getSharedSelector Using a shared selector for servlet write/read
14-Dec-2018 01:36:18.708 INFO [main] org.apache.catalina.startup.Catalina.load Initialization processed in 1381 ms
14-Dec-2018 01:36:18.795 INFO [main] org.apache.catalina.core.StandardService.startInternal Starting service [Catalina]
14-Dec-2018 01:36:18.795 INFO [main] org.apache.catalina.core.StandardEngine.startInternal Starting Servlet Engine: Apache Tomcat/9.0.13
14-Dec-2018 01:36:18.837 INFO [main] org.apache.catalina.startup.HostConfig.deployWAR Deploying web application archive [C:\Users\eskan\IdeaProjects\Github\Hospital\apache-tomcat-9.0.13\webapps\cargocpc.war]
14-Dec-2018 01:36:18.935 INFO [main] org.apache.catalina.startup.ExpandWar.expand An expanded directory [C:\Users\eskan\IdeaProjects\Github\Hospital\apache-tomcat-9.0.13\webapps\cargocpc] was found with a last modified time that did not match the associated WAR. It will be deleted.
14-Dec-2018 01:36:19.391 INFO [main] org.apache.catalina.startup.HostConfig.deployWAR Deployment of web application archive [C:\Users\eskan\IdeaProjects\Github\Hospital\apache-tomcat-9.0.13\webapps\cargocpc.war] has finished in [553] ms
14-Dec-2018 01:36:19.396 INFO [main] org.apache.catalina.startup.HostConfig.deployWAR Deploying web application archive [C:\Users\eskan\IdeaProjects\Github\Hospital\apache-tomcat-9.0.13\webapps\Hospital.war]
14-Dec-2018 01:36:21.000 INFO [main] org.apache.jasper.servlet.TldScanner.scanJars At least one JAR was scanned for TLDs yet contained no TLDs. Enable debug logging for this logger for a complete list of JARs that were scanned but no TLDs were found in them. Skipping unneeded JARs during scanning can improve startup time and JSP compilation time.
14-Dec-2018 01:36:22.156 INFO [main] org.apache.catalina.startup.HostConfig.deployWAR Deployment of web application archive [C:\Users\eskan\IdeaProjects\Github\Hospital\apache-tomcat-9.0.13\webapps\Hospital.war] has finished in [2,760] ms
14-Dec-2018 01:36:22.158 INFO [main] org.apache.catalina.startup.HostConfig.deployDirectory Deploying web application directory [C:\Users\eskan\IdeaProjects\Github\Hospital\apache-tomcat-9.0.13\webapps\docs]
14-Dec-2018 01:36:22.234 INFO [main] org.apache.catalina.startup.HostConfig.deployDirectory Deployment of web application directory [C:\Users\eskan\IdeaProjects\Github\Hospital\apache-tomcat-9.0.13\webapps\docs] has finished in [76] ms
14-Dec-2018 01:36:22.235 INFO [main] org.apache.catalina.startup.HostConfig.deployDirectory Deploying web application directory [C:\Users\eskan\IdeaProjects\Github\Hospital\apache-tomcat-9.0.13\webapps\examples]
14-Dec-2018 01:36:22.850 INFO [main] org.apache.catalina.startup.HostConfig.deployDirectory Deployment of web application directory [C:\Users\eskan\IdeaProjects\Github\Hospital\apache-tomcat-9.0.13\webapps\examples] has finished in [615] ms
14-Dec-2018 01:36:22.851 INFO [main] org.apache.catalina.startup.HostConfig.deployDirectory Deploying web application directory [C:\Users\eskan\IdeaProjects\Github\Hospital\apache-tomcat-9.0.13\webapps\host-manager]
14-Dec-2018 01:36:22.957 INFO [main] org.apache.catalina.startup.HostConfig.deployDirectory Deployment of web application directory [C:\Users\eskan\IdeaProjects\Github\Hospital\apache-tomcat-9.0.13\webapps\host-manager] has finished in [106] ms
14-Dec-2018 01:36:22.958 INFO [main] org.apache.catalina.startup.HostConfig.deployDirectory Deploying web application directory [C:\Users\eskan\IdeaProjects\Github\Hospital\apache-tomcat-9.0.13\webapps\manager]
14-Dec-2018 01:36:23.061 INFO [main] org.apache.catalina.startup.HostConfig.deployDirectory Deployment of web application directory [C:\Users\eskan\IdeaProjects\Github\Hospital\apache-tomcat-9.0.13\webapps\manager] has finished in [102] ms
14-Dec-2018 01:36:23.063 INFO [main] org.apache.catalina.startup.HostConfig.deployDirectory Deploying web application directory [C:\Users\eskan\IdeaProjects\Github\Hospital\apache-tomcat-9.0.13\webapps\ROOT]
14-Dec-2018 01:36:23.156 INFO [main] org.apache.catalina.startup.HostConfig.deployDirectory Deployment of web application directory [C:\Users\eskan\IdeaProjects\Github\Hospital\apache-tomcat-9.0.13\webapps\ROOT] has finished in [92] ms
14-Dec-2018 01:36:23.161 INFO [main] org.apache.coyote.AbstractProtocol.start Starting ProtocolHandler ["http-nio-8080"]
14-Dec-2018 01:36:23.205 INFO [main] org.apache.coyote.AbstractProtocol.start Starting ProtocolHandler ["ajp-nio-8009"]
14-Dec-2018 01:36:23.222 INFO [main] org.apache.catalina.startup.Catalina.start Server startup in 4513 ms
14-Dec-2018 01:37:23.637 SEVERE [main] org.apache.catalina.startup.Catalina.stopServer Could not contact [localhost:8005] (base port [8005] and offset [0]). Tomcat may not be running.
14-Dec-2018 01:38:46.108 SEVERE [main] org.apache.catalina.startup.Catalina.stopServer Could not contact [localhost:8005] (base port [8005] and offset [0]). Tomcat may not be running.
14-Dec-2018 01:39:28.611 SEVERE [main] org.apache.catalina.startup.Catalina.stopServer Could not contact [localhost:8005] (base port [8005] and offset [0]). Tomcat may not be running.
14-Dec-2018 01:39:53.439 SEVERE [main] org.apache.catalina.startup.Catalina.stopServer Could not contact [localhost:8005] (base port [8005] and offset [0]). Tomcat may not be running.
14-Dec-2018 01:43:20.619 SEVERE [main] org.apache.catalina.startup.Catalina.stopServer Could not contact [localhost:8005] (base port [8005] and offset [0]). Tomcat may not be running.
14-Dec-2018 01:44:35.122 SEVERE [main] org.apache.catalina.startup.Catalina.stopServer Could not contact [localhost:8005] (base port [8005] and offset [0]). Tomcat may not be running.
14-Dec-2018 01:46:07.557 SEVERE [main] org.apache.catalina.startup.Catalina.stopServer Could not contact [localhost:8005] (base port [8005] and offset [0]). Tomcat may not be running.
14-Dec-2018 01:51:48.611 SEVERE [main] org.apache.catalina.startup.Catalina.stopServer Could not contact [localhost:8005] (base port [8005] and offset [0]). Tomcat may not be running.
14-Dec-2018 01:55:08.465 SEVERE [main] org.apache.catalina.startup.Catalina.stopServer Could not contact [localhost:8005] (base port [8005] and offset [0]). Tomcat may not be running.
14-Dec-2018 01:55:33.513 INFO [main] org.apache.catalina.startup.VersionLoggerListener.log Server version:        Apache Tomcat/9.0.13
14-Dec-2018 01:55:33.516 INFO [main] org.apache.catalina.startup.VersionLoggerListener.log Server built:          Nov 2 2018 14:27:55 UTC
14-Dec-2018 01:55:33.517 INFO [main] org.apache.catalina.startup.VersionLoggerListener.log Server number:         9.0.13.0
14-Dec-2018 01:55:33.517 INFO [main] org.apache.catalina.startup.VersionLoggerListener.log OS Name:               Windows 10
14-Dec-2018 01:55:33.518 INFO [main] org.apache.catalina.startup.VersionLoggerListener.log OS Version:            10.0
14-Dec-2018 01:55:33.518 INFO [main] org.apache.catalina.startup.VersionLoggerListener.log Architecture:          amd64
14-Dec-2018 01:55:33.519 INFO [main] org.apache.catalina.startup.VersionLoggerListener.log Java Home:             C:\Program Files\Java\jdk1.8.0_191\jre
14-Dec-2018 01:55:33.519 INFO [main] org.apache.catalina.startup.VersionLoggerListener.log JVM Version:           1.8.0_191-b12
14-Dec-2018 01:55:33.519 INFO [main] org.apache.catalina.startup.VersionLoggerListener.log JVM Vendor:            Oracle Corporation
14-Dec-2018 01:55:33.520 INFO [main] org.apache.catalina.startup.VersionLoggerListener.log CATALINA_BASE:         C:\Users\eskan\IdeaProjects\Github\Hospital\apache-tomcat-9.0.13
14-Dec-2018 01:55:33.520 INFO [main] org.apache.catalina.startup.VersionLoggerListener.log CATALINA_HOME:         C:\Users\eskan\IdeaProjects\Github\Hospital\apache-tomcat-9.0.13
14-Dec-2018 01:55:33.520 INFO [main] org.apache.catalina.startup.VersionLoggerListener.log Command line argument: -Xms128m
14-Dec-2018 01:55:33.520 INFO [main] org.apache.catalina.startup.VersionLoggerListener.log Command line argument: -Xmx512m
14-Dec-2018 01:55:33.520 INFO [main] org.apache.catalina.startup.VersionLoggerListener.log Command line argument: -Dcatalina.home=C:\Users\eskan\IdeaProjects\Github\Hospital\apache-tomcat-9.0.13
14-Dec-2018 01:55:33.520 INFO [main] org.apache.catalina.startup.VersionLoggerListener.log Command line argument: -Dcatalina.base=C:\Users\eskan\IdeaProjects\Github\Hospital\apache-tomcat-9.0.13
14-Dec-2018 01:55:33.521 INFO [main] org.apache.catalina.startup.VersionLoggerListener.log Command line argument: -Djava.io.tmpdir=C:\Users\eskan\IdeaProjects\Github\Hospital\apache-tomcat-9.0.13\temp
14-Dec-2018 01:55:33.521 INFO [main] org.apache.catalina.startup.VersionLoggerListener.log Command line argument: -Djava.util.logging.manager=org.apache.juli.ClassLoaderLogManager
14-Dec-2018 01:55:33.524 INFO [main] org.apache.catalina.startup.VersionLoggerListener.log Command line argument: -Djava.util.logging.config.file=C:\Users\eskan\IdeaProjects\Github\Hospital\apache-tomcat-9.0.13\conf/logging.properties
14-Dec-2018 01:55:33.524 INFO [main] org.apache.catalina.core.AprLifecycleListener.lifecycleEvent Loaded APR based Apache Tomcat Native library [1.2.18] using APR version [1.6.5].
14-Dec-2018 01:55:33.524 INFO [main] org.apache.catalina.core.AprLifecycleListener.lifecycleEvent APR capabilities: IPv6 [true], sendfile [true], accept filters [false], random [true].
14-Dec-2018 01:55:33.524 INFO [main] org.apache.catalina.core.AprLifecycleListener.lifecycleEvent APR/OpenSSL configuration: useAprConnector [false], useOpenSSL [true]
14-Dec-2018 01:55:33.538 INFO [main] org.apache.catalina.core.AprLifecycleListener.initializeSSL OpenSSL successfully initialized [OpenSSL 1.1.1  11 Sep 2018]
14-Dec-2018 01:55:33.861 INFO [main] org.apache.coyote.AbstractProtocol.init Initializing ProtocolHandler ["http-nio-8080"]
14-Dec-2018 01:55:34.242 INFO [main] org.apache.tomcat.util.net.NioSelectorPool.getSharedSelector Using a shared selector for servlet write/read
14-Dec-2018 01:55:34.272 INFO [main] org.apache.coyote.AbstractProtocol.init Initializing ProtocolHandler ["ajp-nio-8009"]
14-Dec-2018 01:55:34.274 INFO [main] org.apache.tomcat.util.net.NioSelectorPool.getSharedSelector Using a shared selector for servlet write/read
14-Dec-2018 01:55:34.276 INFO [main] org.apache.catalina.startup.Catalina.load Initialization processed in 1350 ms
14-Dec-2018 01:55:34.349 INFO [main] org.apache.catalina.core.StandardService.startInternal Starting service [Catalina]
14-Dec-2018 01:55:34.349 INFO [main] org.apache.catalina.core.StandardEngine.startInternal Starting Servlet Engine: Apache Tomcat/9.0.13
14-Dec-2018 01:55:34.391 INFO [main] org.apache.catalina.startup.HostConfig.deployWAR Deploying web application archive [C:\Users\eskan\IdeaProjects\Github\Hospital\apache-tomcat-9.0.13\webapps\cargocpc.war]
14-Dec-2018 01:55:34.494 INFO [main] org.apache.catalina.startup.ExpandWar.expand An expanded directory [C:\Users\eskan\IdeaProjects\Github\Hospital\apache-tomcat-9.0.13\webapps\cargocpc] was found with a last modified time that did not match the associated WAR. It will be deleted.
14-Dec-2018 01:55:34.982 INFO [main] org.apache.catalina.startup.HostConfig.deployWAR Deployment of web application archive [C:\Users\eskan\IdeaProjects\Github\Hospital\apache-tomcat-9.0.13\webapps\cargocpc.war] has finished in [590] ms
14-Dec-2018 01:55:34.985 INFO [main] org.apache.catalina.startup.HostConfig.deployWAR Deploying web application archive [C:\Users\eskan\IdeaProjects\Github\Hospital\apache-tomcat-9.0.13\webapps\Hospital.war]
14-Dec-2018 01:55:36.576 INFO [main] org.apache.jasper.servlet.TldScanner.scanJars At least one JAR was scanned for TLDs yet contained no TLDs. Enable debug logging for this logger for a complete list of JARs that were scanned but no TLDs were found in them. Skipping unneeded JARs during scanning can improve startup time and JSP compilation time.
14-Dec-2018 01:55:37.715 INFO [main] org.apache.catalina.startup.HostConfig.deployWAR Deployment of web application archive [C:\Users\eskan\IdeaProjects\Github\Hospital\apache-tomcat-9.0.13\webapps\Hospital.war] has finished in [2,730] ms
14-Dec-2018 01:55:37.718 INFO [main] org.apache.catalina.startup.HostConfig.deployDirectory Deploying web application directory [C:\Users\eskan\IdeaProjects\Github\Hospital\apache-tomcat-9.0.13\webapps\docs]
14-Dec-2018 01:55:37.772 INFO [main] org.apache.catalina.startup.HostConfig.deployDirectory Deployment of web application directory [C:\Users\eskan\IdeaProjects\Github\Hospital\apache-tomcat-9.0.13\webapps\docs] has finished in [53] ms
14-Dec-2018 01:55:37.772 INFO [main] org.apache.catalina.startup.HostConfig.deployDirectory Deploying web application directory [C:\Users\eskan\IdeaProjects\Github\Hospital\apache-tomcat-9.0.13\webapps\examples]
14-Dec-2018 01:55:38.428 INFO [main] org.apache.catalina.startup.HostConfig.deployDirectory Deployment of web application directory [C:\Users\eskan\IdeaProjects\Github\Hospital\apache-tomcat-9.0.13\webapps\examples] has finished in [655] ms
14-Dec-2018 01:55:38.429 INFO [main] org.apache.catalina.startup.HostConfig.deployDirectory Deploying web application directory [C:\Users\eskan\IdeaProjects\Github\Hospital\apache-tomcat-9.0.13\webapps\host-manager]
14-Dec-2018 01:55:38.544 INFO [main] org.apache.catalina.startup.HostConfig.deployDirectory Deployment of web application directory [C:\Users\eskan\IdeaProjects\Github\Hospital\apache-tomcat-9.0.13\webapps\host-manager] has finished in [115] ms
14-Dec-2018 01:55:38.545 INFO [main] org.apache.catalina.startup.HostConfig.deployDirectory Deploying web application directory [C:\Users\eskan\IdeaProjects\Github\Hospital\apache-tomcat-9.0.13\webapps\manager]
14-Dec-2018 01:55:38.627 INFO [main] org.apache.catalina.startup.HostConfig.deployDirectory Deployment of web application directory [C:\Users\eskan\IdeaProjects\Github\Hospital\apache-tomcat-9.0.13\webapps\manager] has finished in [82] ms
14-Dec-2018 01:55:38.628 INFO [main] org.apache.catalina.startup.HostConfig.deployDirectory Deploying web application directory [C:\Users\eskan\IdeaProjects\Github\Hospital\apache-tomcat-9.0.13\webapps\ROOT]
14-Dec-2018 01:55:38.702 INFO [main] org.apache.catalina.startup.HostConfig.deployDirectory Deployment of web application directory [C:\Users\eskan\IdeaProjects\Github\Hospital\apache-tomcat-9.0.13\webapps\ROOT] has finished in [74] ms
14-Dec-2018 01:55:38.708 INFO [main] org.apache.coyote.AbstractProtocol.start Starting ProtocolHandler ["http-nio-8080"]
14-Dec-2018 01:55:38.737 INFO [main] org.apache.coyote.AbstractProtocol.start Starting ProtocolHandler ["ajp-nio-8009"]
14-Dec-2018 01:55:38.748 INFO [main] org.apache.catalina.startup.Catalina.start Server startup in 4471 ms
14-Dec-2018 01:57:33.796 INFO [main] org.apache.catalina.core.StandardServer.await A valid shutdown command was received via the shutdown port. Stopping the Server instance.
14-Dec-2018 01:57:33.797 INFO [main] org.apache.coyote.AbstractProtocol.pause Pausing ProtocolHandler ["http-nio-8080"]
14-Dec-2018 01:57:33.961 INFO [main] org.apache.coyote.AbstractProtocol.pause Pausing ProtocolHandler ["ajp-nio-8009"]
14-Dec-2018 01:57:34.179 INFO [main] org.apache.catalina.core.StandardService.stopInternal Stopping service [Catalina]
14-Dec-2018 01:57:34.316 WARNING [main] org.apache.catalina.loader.WebappClassLoaderBase.clearReferencesJdbc The web application [Hospital] registered the JDBC driver [com.mysql.cj.jdbc.Driver] but failed to unregister it when the web application was stopped. To prevent a memory leak, the JDBC Driver has been forcibly unregistered.
14-Dec-2018 01:57:34.320 WARNING [main] org.apache.catalina.loader.WebappClassLoaderBase.clearReferencesThreads The web application [Hospital] appears to have started a thread named [Abandoned connection cleanup thread] but has failed to stop it. This is very likely to create a memory leak. Stack trace of thread:
 java.lang.Object.wait(Native Method)
 java.lang.ref.ReferenceQueue.remove(ReferenceQueue.java:144)
 com.mysql.cj.jdbc.AbandonedConnectionCleanupThread.run(AbandonedConnectionCleanupThread.java:70)
 java.util.concurrent.ThreadPoolExecutor.runWorker(ThreadPoolExecutor.java:1149)
 java.util.concurrent.ThreadPoolExecutor$Worker.run(ThreadPoolExecutor.java:624)
 java.lang.Thread.run(Thread.java:748)
14-Dec-2018 01:57:34.371 INFO [main] org.apache.coyote.AbstractProtocol.stop Stopping ProtocolHandler ["http-nio-8080"]
14-Dec-2018 01:57:34.374 INFO [main] org.apache.coyote.AbstractProtocol.stop Stopping ProtocolHandler ["ajp-nio-8009"]
14-Dec-2018 01:57:34.390 INFO [main] org.apache.coyote.AbstractProtocol.destroy Destroying ProtocolHandler ["http-nio-8080"]
14-Dec-2018 01:57:34.398 INFO [1] org.apache.coyote.AbstractProtocol.destroy Destroying ProtocolHandler ["ajp-nio-8009"]
14-Dec-2018 01:59:30.648 INFO [main] org.apache.catalina.startup.VersionLoggerListener.log Server version:        Apache Tomcat/9.0.13
14-Dec-2018 01:59:30.656 INFO [main] org.apache.catalina.startup.VersionLoggerListener.log Server built:          Nov 2 2018 14:27:55 UTC
14-Dec-2018 01:59:30.658 INFO [main] org.apache.catalina.startup.VersionLoggerListener.log Server number:         9.0.13.0
14-Dec-2018 01:59:30.659 INFO [main] org.apache.catalina.startup.VersionLoggerListener.log OS Name:               Windows 10
14-Dec-2018 01:59:30.659 INFO [main] org.apache.catalina.startup.VersionLoggerListener.log OS Version:            10.0
14-Dec-2018 01:59:30.659 INFO [main] org.apache.catalina.startup.VersionLoggerListener.log Architecture:          amd64
14-Dec-2018 01:59:30.660 INFO [main] org.apache.catalina.startup.VersionLoggerListener.log Java Home:             C:\Program Files\Java\jdk1.8.0_191\jre
14-Dec-2018 01:59:30.660 INFO [main] org.apache.catalina.startup.VersionLoggerListener.log JVM Version:           1.8.0_191-b12
14-Dec-2018 01:59:30.663 INFO [main] org.apache.catalina.startup.VersionLoggerListener.log JVM Vendor:            Oracle Corporation
14-Dec-2018 01:59:30.664 INFO [main] org.apache.catalina.startup.VersionLoggerListener.log CATALINA_BASE:         C:\Users\eskan\IdeaProjects\Github\Hospital\apache-tomcat-9.0.13
14-Dec-2018 01:59:30.664 INFO [main] org.apache.catalina.startup.VersionLoggerListener.log CATALINA_HOME:         C:\Users\eskan\IdeaProjects\Github\Hospital\apache-tomcat-9.0.13
14-Dec-2018 01:59:30.665 INFO [main] org.apache.catalina.startup.VersionLoggerListener.log Command line argument: -Xms128m
14-Dec-2018 01:59:30.666 INFO [main] org.apache.catalina.startup.VersionLoggerListener.log Command line argument: -Xmx512m
14-Dec-2018 01:59:30.666 INFO [main] org.apache.catalina.startup.VersionLoggerListener.log Command line argument: -Dcatalina.home=C:\Users\eskan\IdeaProjects\Github\Hospital\apache-tomcat-9.0.13
14-Dec-2018 01:59:30.666 INFO [main] org.apache.catalina.startup.VersionLoggerListener.log Command line argument: -Dcatalina.base=C:\Users\eskan\IdeaProjects\Github\Hospital\apache-tomcat-9.0.13
14-Dec-2018 01:59:30.666 INFO [main] org.apache.catalina.startup.VersionLoggerListener.log Command line argument: -Djava.io.tmpdir=C:\Users\eskan\IdeaProjects\Github\Hospital\apache-tomcat-9.0.13\temp
14-Dec-2018 01:59:30.666 INFO [main] org.apache.catalina.startup.VersionLoggerListener.log Command line argument: -Djava.util.logging.manager=org.apache.juli.ClassLoaderLogManager
14-Dec-2018 01:59:30.667 INFO [main] org.apache.catalina.startup.VersionLoggerListener.log Command line argument: -Djava.util.logging.config.file=C:\Users\eskan\IdeaProjects\Github\Hospital\apache-tomcat-9.0.13\conf/logging.properties
14-Dec-2018 01:59:30.667 INFO [main] org.apache.catalina.core.AprLifecycleListener.lifecycleEvent Loaded APR based Apache Tomcat Native library [1.2.18] using APR version [1.6.5].
14-Dec-2018 01:59:30.667 INFO [main] org.apache.catalina.core.AprLifecycleListener.lifecycleEvent APR capabilities: IPv6 [true], sendfile [true], accept filters [false], random [true].
14-Dec-2018 01:59:30.667 INFO [main] org.apache.catalina.core.AprLifecycleListener.lifecycleEvent APR/OpenSSL configuration: useAprConnector [false], useOpenSSL [true]
14-Dec-2018 01:59:30.674 INFO [main] org.apache.catalina.core.AprLifecycleListener.initializeSSL OpenSSL successfully initialized [OpenSSL 1.1.1  11 Sep 2018]
14-Dec-2018 01:59:31.004 INFO [main] org.apache.coyote.AbstractProtocol.init Initializing ProtocolHandler ["http-nio-8080"]
14-Dec-2018 01:59:31.403 INFO [main] org.apache.tomcat.util.net.NioSelectorPool.getSharedSelector Using a shared selector for servlet write/read
14-Dec-2018 01:59:31.425 INFO [main] org.apache.coyote.AbstractProtocol.init Initializing ProtocolHandler ["ajp-nio-8009"]
14-Dec-2018 01:59:31.432 INFO [main] org.apache.tomcat.util.net.NioSelectorPool.getSharedSelector Using a shared selector for servlet write/read
14-Dec-2018 01:59:31.433 INFO [main] org.apache.catalina.startup.Catalina.load Initialization processed in 1377 ms
14-Dec-2018 01:59:31.552 INFO [main] org.apache.catalina.core.StandardService.startInternal Starting service [Catalina]
14-Dec-2018 01:59:31.554 INFO [main] org.apache.catalina.core.StandardEngine.startInternal Starting Servlet Engine: Apache Tomcat/9.0.13
14-Dec-2018 01:59:31.633 INFO [main] org.apache.catalina.startup.HostConfig.deployWAR Deploying web application archive [C:\Users\eskan\IdeaProjects\Github\Hospital\apache-tomcat-9.0.13\webapps\cargocpc.war]
14-Dec-2018 01:59:31.727 INFO [main] org.apache.catalina.startup.ExpandWar.expand An expanded directory [C:\Users\eskan\IdeaProjects\Github\Hospital\apache-tomcat-9.0.13\webapps\cargocpc] was found with a last modified time that did not match the associated WAR. It will be deleted.
14-Dec-2018 01:59:32.357 INFO [main] org.apache.catalina.startup.HostConfig.deployWAR Deployment of web application archive [C:\Users\eskan\IdeaProjects\Github\Hospital\apache-tomcat-9.0.13\webapps\cargocpc.war] has finished in [724] ms
14-Dec-2018 01:59:32.361 INFO [main] org.apache.catalina.startup.HostConfig.deployWAR Deploying web application archive [C:\Users\eskan\IdeaProjects\Github\Hospital\apache-tomcat-9.0.13\webapps\Hospital.war]
14-Dec-2018 01:59:34.836 INFO [main] org.apache.jasper.servlet.TldScanner.scanJars At least one JAR was scanned for TLDs yet contained no TLDs. Enable debug logging for this logger for a complete list of JARs that were scanned but no TLDs were found in them. Skipping unneeded JARs during scanning can improve startup time and JSP compilation time.
14-Dec-2018 01:59:36.140 INFO [main] org.apache.catalina.startup.HostConfig.deployWAR Deployment of web application archive [C:\Users\eskan\IdeaProjects\Github\Hospital\apache-tomcat-9.0.13\webapps\Hospital.war] has finished in [3,779] ms
14-Dec-2018 01:59:36.141 INFO [main] org.apache.catalina.startup.HostConfig.deployDirectory Deploying web application directory [C:\Users\eskan\IdeaProjects\Github\Hospital\apache-tomcat-9.0.13\webapps\docs]
14-Dec-2018 01:59:36.204 INFO [main] org.apache.catalina.startup.HostConfig.deployDirectory Deployment of web application directory [C:\Users\eskan\IdeaProjects\Github\Hospital\apache-tomcat-9.0.13\webapps\docs] has finished in [63] ms
14-Dec-2018 01:59:36.204 INFO [main] org.apache.catalina.startup.HostConfig.deployDirectory Deploying web application directory [C:\Users\eskan\IdeaProjects\Github\Hospital\apache-tomcat-9.0.13\webapps\examples]
14-Dec-2018 01:59:36.765 INFO [main] org.apache.catalina.startup.HostConfig.deployDirectory Deployment of web application directory [C:\Users\eskan\IdeaProjects\Github\Hospital\apache-tomcat-9.0.13\webapps\examples] has finished in [560] ms
14-Dec-2018 01:59:36.767 INFO [main] org.apache.catalina.startup.HostConfig.deployDirectory Deploying web application directory [C:\Users\eskan\IdeaProjects\Github\Hospital\apache-tomcat-9.0.13\webapps\host-manager]
14-Dec-2018 01:59:36.858 INFO [main] org.apache.catalina.startup.HostConfig.deployDirectory Deployment of web application directory [C:\Users\eskan\IdeaProjects\Github\Hospital\apache-tomcat-9.0.13\webapps\host-manager] has finished in [90] ms
14-Dec-2018 01:59:36.858 INFO [main] org.apache.catalina.startup.HostConfig.deployDirectory Deploying web application directory [C:\Users\eskan\IdeaProjects\Github\Hospital\apache-tomcat-9.0.13\webapps\manager]
14-Dec-2018 01:59:36.930 INFO [main] org.apache.catalina.startup.HostConfig.deployDirectory Deployment of web application directory [C:\Users\eskan\IdeaProjects\Github\Hospital\apache-tomcat-9.0.13\webapps\manager] has finished in [72] ms
14-Dec-2018 01:59:36.931 INFO [main] org.apache.catalina.startup.HostConfig.deployDirectory Deploying web application directory [C:\Users\eskan\IdeaProjects\Github\Hospital\apache-tomcat-9.0.13\webapps\ROOT]
14-Dec-2018 01:59:36.993 INFO [main] org.apache.catalina.startup.HostConfig.deployDirectory Deployment of web application directory [C:\Users\eskan\IdeaProjects\Github\Hospital\apache-tomcat-9.0.13\webapps\ROOT] has finished in [61] ms
14-Dec-2018 01:59:36.998 INFO [main] org.apache.coyote.AbstractProtocol.start Starting ProtocolHandler ["http-nio-8080"]
14-Dec-2018 01:59:37.014 INFO [main] org.apache.coyote.AbstractProtocol.start Starting ProtocolHandler ["ajp-nio-8009"]
14-Dec-2018 01:59:37.019 INFO [main] org.apache.catalina.startup.Catalina.start Server startup in 5585 ms
