15-Dec-2018 00:34:13.289 INFO [main] org.apache.catalina.core.ApplicationContext.log ContextListener: contextInitialized()
15-Dec-2018 00:34:13.290 INFO [main] org.apache.catalina.core.ApplicationContext.log SessionListener: contextInitialized()
15-Dec-2018 00:34:13.291 INFO [main] org.apache.catalina.core.ApplicationContext.log ContextListener: attributeAdded('StockTicker', 'async.Stockticker@63da207f')
15-Dec-2018 00:34:13.593 INFO [main] org.apache.catalina.core.ApplicationContext.log SessionListener: contextDestroyed()
15-Dec-2018 00:34:13.593 INFO [main] org.apache.catalina.core.ApplicationContext.log ContextListener: contextDestroyed()
15-Dec-2018 00:37:09.076 INFO [main] org.apache.catalina.core.ApplicationContext.log ContextListener: contextInitialized()
15-Dec-2018 00:37:09.076 INFO [main] org.apache.catalina.core.ApplicationContext.log SessionListener: contextInitialized()
15-Dec-2018 00:37:09.079 INFO [main] org.apache.catalina.core.ApplicationContext.log ContextListener: attributeAdded('StockTicker', 'async.Stockticker@173373b4')
15-Dec-2018 00:37:09.376 INFO [main] org.apache.catalina.core.ApplicationContext.log SessionListener: contextDestroyed()
15-Dec-2018 00:37:09.377 INFO [main] org.apache.catalina.core.ApplicationContext.log ContextListener: contextDestroyed()
15-Dec-2018 13:40:35.100 INFO [main] org.apache.catalina.core.ApplicationContext.log ContextListener: contextInitialized()
15-Dec-2018 13:40:35.100 INFO [main] org.apache.catalina.core.ApplicationContext.log SessionListener: contextInitialized()
15-Dec-2018 13:40:35.102 INFO [main] org.apache.catalina.core.ApplicationContext.log ContextListener: attributeAdded('StockTicker', 'async.Stockticker@1f1cae23')
15-Dec-2018 13:42:33.039 INFO [main] org.apache.catalina.core.ApplicationContext.log SessionListener: contextDestroyed()
15-Dec-2018 13:42:33.039 INFO [main] org.apache.catalina.core.ApplicationContext.log ContextListener: contextDestroyed()
15-Dec-2018 13:47:32.314 INFO [main] org.apache.catalina.core.ApplicationContext.log ContextListener: contextInitialized()
15-Dec-2018 13:47:32.315 INFO [main] org.apache.catalina.core.ApplicationContext.log SessionListener: contextInitialized()
15-Dec-2018 13:47:32.316 INFO [main] org.apache.catalina.core.ApplicationContext.log ContextListener: attributeAdded('StockTicker', 'async.Stockticker@52a70627')
15-Dec-2018 13:49:29.854 INFO [main] org.apache.catalina.core.ApplicationContext.log SessionListener: contextDestroyed()
15-Dec-2018 13:49:29.854 INFO [main] org.apache.catalina.core.ApplicationContext.log ContextListener: contextDestroyed()
15-Dec-2018 13:51:24.842 INFO [main] org.apache.catalina.core.ApplicationContext.log ContextListener: contextInitialized()
15-Dec-2018 13:51:24.842 INFO [main] org.apache.catalina.core.ApplicationContext.log SessionListener: contextInitialized()
15-Dec-2018 13:51:24.844 INFO [main] org.apache.catalina.core.ApplicationContext.log ContextListener: attributeAdded('StockTicker', 'async.Stockticker@5754de72')
15-Dec-2018 13:53:23.167 INFO [main] org.apache.catalina.core.ApplicationContext.log SessionListener: contextDestroyed()
15-Dec-2018 13:53:23.167 INFO [main] org.apache.catalina.core.ApplicationContext.log ContextListener: contextDestroyed()
15-Dec-2018 13:56:07.776 INFO [main] org.apache.catalina.core.ApplicationContext.log ContextListener: contextInitialized()
15-Dec-2018 13:56:07.776 INFO [main] org.apache.catalina.core.ApplicationContext.log SessionListener: contextInitialized()
15-Dec-2018 13:56:07.779 INFO [main] org.apache.catalina.core.ApplicationContext.log ContextListener: attributeAdded('StockTicker', 'async.Stockticker@5754de72')
15-Dec-2018 13:58:05.372 INFO [main] org.apache.catalina.core.ApplicationContext.log SessionListener: contextDestroyed()
15-Dec-2018 13:58:05.372 INFO [main] org.apache.catalina.core.ApplicationContext.log ContextListener: contextDestroyed()
15-Dec-2018 13:58:48.128 INFO [main] org.apache.catalina.core.ApplicationContext.log ContextListener: contextInitialized()
15-Dec-2018 13:58:48.128 INFO [main] org.apache.catalina.core.ApplicationContext.log SessionListener: contextInitialized()
15-Dec-2018 13:58:48.130 INFO [main] org.apache.catalina.core.ApplicationContext.log ContextListener: attributeAdded('StockTicker', 'async.Stockticker@5754de72')
15-Dec-2018 14:00:46.237 INFO [main] org.apache.catalina.core.ApplicationContext.log SessionListener: contextDestroyed()
15-Dec-2018 14:00:46.237 INFO [main] org.apache.catalina.core.ApplicationContext.log ContextListener: contextDestroyed()
15-Dec-2018 14:01:31.815 INFO [main] org.apache.catalina.core.ApplicationContext.log ContextListener: contextInitialized()
15-Dec-2018 14:01:31.815 INFO [main] org.apache.catalina.core.ApplicationContext.log SessionListener: contextInitialized()
15-Dec-2018 14:01:31.817 INFO [main] org.apache.catalina.core.ApplicationContext.log ContextListener: attributeAdded('StockTicker', 'async.Stockticker@5754de72')
15-Dec-2018 14:03:29.599 INFO [main] org.apache.catalina.core.ApplicationContext.log SessionListener: contextDestroyed()
15-Dec-2018 14:03:29.599 INFO [main] org.apache.catalina.core.ApplicationContext.log ContextListener: contextDestroyed()
15-Dec-2018 14:05:13.626 INFO [main] org.apache.catalina.core.ApplicationContext.log ContextListener: contextInitialized()
15-Dec-2018 14:05:13.626 INFO [main] org.apache.catalina.core.ApplicationContext.log SessionListener: contextInitialized()
15-Dec-2018 14:05:13.629 INFO [main] org.apache.catalina.core.ApplicationContext.log ContextListener: attributeAdded('StockTicker', 'async.Stockticker@5754de72')
15-Dec-2018 14:07:10.341 INFO [main] org.apache.catalina.core.ApplicationContext.log SessionListener: contextDestroyed()
15-Dec-2018 14:07:10.342 INFO [main] org.apache.catalina.core.ApplicationContext.log ContextListener: contextDestroyed()
15-Dec-2018 14:11:21.007 INFO [main] org.apache.catalina.core.ApplicationContext.log ContextListener: contextInitialized()
15-Dec-2018 14:11:21.007 INFO [main] org.apache.catalina.core.ApplicationContext.log SessionListener: contextInitialized()
15-Dec-2018 14:11:21.013 INFO [main] org.apache.catalina.core.ApplicationContext.log ContextListener: attributeAdded('StockTicker', 'async.Stockticker@5754de72')
15-Dec-2018 14:16:16.057 INFO [main] org.apache.catalina.core.ApplicationContext.log ContextListener: contextInitialized()
15-Dec-2018 14:16:16.057 INFO [main] org.apache.catalina.core.ApplicationContext.log SessionListener: contextInitialized()
15-Dec-2018 14:16:16.059 INFO [main] org.apache.catalina.core.ApplicationContext.log ContextListener: attributeAdded('StockTicker', 'async.Stockticker@1f1cae23')
15-Dec-2018 14:18:13.850 INFO [main] org.apache.catalina.core.ApplicationContext.log SessionListener: contextDestroyed()
15-Dec-2018 14:18:13.850 INFO [main] org.apache.catalina.core.ApplicationContext.log ContextListener: contextDestroyed()
15-Dec-2018 14:20:13.485 INFO [main] org.apache.catalina.core.ApplicationContext.log ContextListener: contextInitialized()
15-Dec-2018 14:20:13.485 INFO [main] org.apache.catalina.core.ApplicationContext.log SessionListener: contextInitialized()
15-Dec-2018 14:20:13.487 INFO [main] org.apache.catalina.core.ApplicationContext.log ContextListener: attributeAdded('StockTicker', 'async.Stockticker@52a70627')
15-Dec-2018 14:22:11.686 INFO [main] org.apache.catalina.core.ApplicationContext.log SessionListener: contextDestroyed()
15-Dec-2018 14:22:11.687 INFO [main] org.apache.catalina.core.ApplicationContext.log ContextListener: contextDestroyed()
15-Dec-2018 14:25:10.598 INFO [main] org.apache.catalina.core.ApplicationContext.log ContextListener: contextInitialized()
15-Dec-2018 14:25:10.599 INFO [main] org.apache.catalina.core.ApplicationContext.log SessionListener: contextInitialized()
15-Dec-2018 14:25:10.600 INFO [main] org.apache.catalina.core.ApplicationContext.log ContextListener: attributeAdded('StockTicker', 'async.Stockticker@5754de72')
15-Dec-2018 14:27:06.566 INFO [main] org.apache.catalina.core.ApplicationContext.log SessionListener: contextDestroyed()
15-Dec-2018 14:27:06.566 INFO [main] org.apache.catalina.core.ApplicationContext.log ContextListener: contextDestroyed()
15-Dec-2018 14:27:25.405 INFO [main] org.apache.catalina.core.ApplicationContext.log ContextListener: contextInitialized()
15-Dec-2018 14:27:25.405 INFO [main] org.apache.catalina.core.ApplicationContext.log SessionListener: contextInitialized()
15-Dec-2018 14:27:25.407 INFO [main] org.apache.catalina.core.ApplicationContext.log ContextListener: attributeAdded('StockTicker', 'async.Stockticker@2b8bd14b')
15-Dec-2018 14:29:20.585 INFO [main] org.apache.catalina.core.ApplicationContext.log SessionListener: contextDestroyed()
15-Dec-2018 14:29:20.585 INFO [main] org.apache.catalina.core.ApplicationContext.log ContextListener: contextDestroyed()
15-Dec-2018 14:30:53.863 INFO [main] org.apache.catalina.core.ApplicationContext.log ContextListener: contextInitialized()
15-Dec-2018 14:30:53.863 INFO [main] org.apache.catalina.core.ApplicationContext.log SessionListener: contextInitialized()
15-Dec-2018 14:30:53.865 INFO [main] org.apache.catalina.core.ApplicationContext.log ContextListener: attributeAdded('StockTicker', 'async.Stockticker@5754de72')
15-Dec-2018 14:32:48.586 INFO [main] org.apache.catalina.core.ApplicationContext.log SessionListener: contextDestroyed()
15-Dec-2018 14:32:48.586 INFO [main] org.apache.catalina.core.ApplicationContext.log ContextListener: contextDestroyed()
15-Dec-2018 14:34:47.178 INFO [main] org.apache.catalina.core.ApplicationContext.log ContextListener: contextInitialized()
15-Dec-2018 14:34:47.178 INFO [main] org.apache.catalina.core.ApplicationContext.log SessionListener: contextInitialized()
15-Dec-2018 14:34:47.189 INFO [main] org.apache.catalina.core.ApplicationContext.log ContextListener: attributeAdded('StockTicker', 'async.Stockticker@5754de72')
15-Dec-2018 14:36:40.776 INFO [main] org.apache.catalina.core.ApplicationContext.log SessionListener: contextDestroyed()
15-Dec-2018 14:36:40.777 INFO [main] org.apache.catalina.core.ApplicationContext.log ContextListener: contextDestroyed()
