14-Dec-2018 01:11:57.909 INFO [main] org.apache.catalina.core.ApplicationContext.log ContextListener: contextInitialized()
14-Dec-2018 01:11:57.910 INFO [main] org.apache.catalina.core.ApplicationContext.log SessionListener: contextInitialized()
14-Dec-2018 01:11:57.912 INFO [main] org.apache.catalina.core.ApplicationContext.log ContextListener: attributeAdded('StockTicker', 'async.Stockticker@50acf55d')
14-Dec-2018 01:13:24.023 INFO [main] org.apache.catalina.core.ApplicationContext.log ContextListener: contextInitialized()
14-Dec-2018 01:13:24.024 INFO [main] org.apache.catalina.core.ApplicationContext.log SessionListener: contextInitialized()
14-Dec-2018 01:13:24.028 INFO [main] org.apache.catalina.core.ApplicationContext.log ContextListener: attributeAdded('StockTicker', 'async.Stockticker@50acf55d')
14-Dec-2018 01:14:24.871 INFO [main] org.apache.catalina.core.ApplicationContext.log ContextListener: contextInitialized()
14-Dec-2018 01:14:24.871 INFO [main] org.apache.catalina.core.ApplicationContext.log SessionListener: contextInitialized()
14-Dec-2018 01:14:24.874 INFO [main] org.apache.catalina.core.ApplicationContext.log ContextListener: attributeAdded('StockTicker', 'async.Stockticker@50acf55d')
14-Dec-2018 01:33:10.578 INFO [main] org.apache.catalina.core.ApplicationContext.log ContextListener: contextInitialized()
14-Dec-2018 01:33:10.579 INFO [main] org.apache.catalina.core.ApplicationContext.log SessionListener: contextInitialized()
14-Dec-2018 01:33:10.585 INFO [main] org.apache.catalina.core.ApplicationContext.log ContextListener: attributeAdded('StockTicker', 'async.Stockticker@59496961')
14-Dec-2018 01:35:04.822 INFO [main] org.apache.catalina.core.ApplicationContext.log SessionListener: contextDestroyed()
14-Dec-2018 01:35:04.822 INFO [main] org.apache.catalina.core.ApplicationContext.log ContextListener: contextDestroyed()
14-Dec-2018 01:36:22.833 INFO [main] org.apache.catalina.core.ApplicationContext.log ContextListener: contextInitialized()
14-Dec-2018 01:36:22.833 INFO [main] org.apache.catalina.core.ApplicationContext.log SessionListener: contextInitialized()
14-Dec-2018 01:36:22.837 INFO [main] org.apache.catalina.core.ApplicationContext.log ContextListener: attributeAdded('StockTicker', 'async.Stockticker@2c43eb8')
14-Dec-2018 01:55:38.415 INFO [main] org.apache.catalina.core.ApplicationContext.log ContextListener: contextInitialized()
14-Dec-2018 01:55:38.415 INFO [main] org.apache.catalina.core.ApplicationContext.log SessionListener: contextInitialized()
14-Dec-2018 01:55:38.418 INFO [main] org.apache.catalina.core.ApplicationContext.log ContextListener: attributeAdded('StockTicker', 'async.Stockticker@59496961')
14-Dec-2018 01:57:34.229 INFO [main] org.apache.catalina.core.ApplicationContext.log SessionListener: contextDestroyed()
14-Dec-2018 01:57:34.229 INFO [main] org.apache.catalina.core.ApplicationContext.log ContextListener: contextDestroyed()
14-Dec-2018 01:59:36.747 INFO [main] org.apache.catalina.core.ApplicationContext.log ContextListener: contextInitialized()
14-Dec-2018 01:59:36.749 INFO [main] org.apache.catalina.core.ApplicationContext.log SessionListener: contextInitialized()
14-Dec-2018 01:59:36.752 INFO [main] org.apache.catalina.core.ApplicationContext.log ContextListener: attributeAdded('StockTicker', 'async.Stockticker@2c43eb8')
14-Dec-2018 02:01:31.128 INFO [main] org.apache.catalina.core.ApplicationContext.log SessionListener: contextDestroyed()
14-Dec-2018 02:01:31.128 INFO [main] org.apache.catalina.core.ApplicationContext.log ContextListener: contextDestroyed()
14-Dec-2018 02:05:12.464 INFO [main] org.apache.catalina.core.ApplicationContext.log ContextListener: contextInitialized()
14-Dec-2018 02:05:12.464 INFO [main] org.apache.catalina.core.ApplicationContext.log SessionListener: contextInitialized()
14-Dec-2018 02:05:12.466 INFO [main] org.apache.catalina.core.ApplicationContext.log ContextListener: attributeAdded('StockTicker', 'async.Stockticker@2c43eb8')
14-Dec-2018 02:07:11.336 INFO [main] org.apache.catalina.core.ApplicationContext.log SessionListener: contextDestroyed()
14-Dec-2018 02:07:11.336 INFO [main] org.apache.catalina.core.ApplicationContext.log ContextListener: contextDestroyed()
14-Dec-2018 02:08:00.191 INFO [main] org.apache.catalina.core.ApplicationContext.log ContextListener: contextInitialized()
14-Dec-2018 02:08:00.191 INFO [main] org.apache.catalina.core.ApplicationContext.log SessionListener: contextInitialized()
14-Dec-2018 02:08:00.193 INFO [main] org.apache.catalina.core.ApplicationContext.log ContextListener: attributeAdded('StockTicker', 'async.Stockticker@2c43eb8')
14-Dec-2018 02:14:17.527 INFO [main] org.apache.catalina.core.ApplicationContext.log ContextListener: contextInitialized()
14-Dec-2018 02:14:17.527 INFO [main] org.apache.catalina.core.ApplicationContext.log SessionListener: contextInitialized()
14-Dec-2018 02:14:17.530 INFO [main] org.apache.catalina.core.ApplicationContext.log ContextListener: attributeAdded('StockTicker', 'async.Stockticker@5411dd90')
14-Dec-2018 02:14:17.723 INFO [main] org.apache.catalina.core.ApplicationContext.log SessionListener: contextDestroyed()
14-Dec-2018 02:14:17.723 INFO [main] org.apache.catalina.core.ApplicationContext.log ContextListener: contextDestroyed()
14-Dec-2018 02:16:14.799 INFO [main] org.apache.catalina.core.ApplicationContext.log SessionListener: contextDestroyed()
14-Dec-2018 02:16:14.799 INFO [main] org.apache.catalina.core.ApplicationContext.log ContextListener: contextDestroyed()
14-Dec-2018 14:04:58.986 INFO [main] org.apache.catalina.core.ApplicationContext.log ContextListener: contextInitialized()
14-Dec-2018 14:04:58.986 INFO [main] org.apache.catalina.core.ApplicationContext.log SessionListener: contextInitialized()
14-Dec-2018 14:04:58.988 INFO [main] org.apache.catalina.core.ApplicationContext.log ContextListener: attributeAdded('StockTicker', 'async.Stockticker@45d6ef73')
14-Dec-2018 14:04:59.171 INFO [main] org.apache.catalina.core.ApplicationContext.log SessionListener: contextDestroyed()
14-Dec-2018 14:04:59.171 INFO [main] org.apache.catalina.core.ApplicationContext.log ContextListener: contextDestroyed()
14-Dec-2018 14:08:47.473 INFO [main] org.apache.catalina.core.ApplicationContext.log ContextListener: contextInitialized()
14-Dec-2018 14:08:47.473 INFO [main] org.apache.catalina.core.ApplicationContext.log SessionListener: contextInitialized()
14-Dec-2018 14:08:47.475 INFO [main] org.apache.catalina.core.ApplicationContext.log ContextListener: attributeAdded('StockTicker', 'async.Stockticker@1ad8df52')
14-Dec-2018 14:10:45.241 INFO [main] org.apache.catalina.core.ApplicationContext.log SessionListener: contextDestroyed()
14-Dec-2018 14:10:45.241 INFO [main] org.apache.catalina.core.ApplicationContext.log ContextListener: contextDestroyed()
14-Dec-2018 15:40:07.476 INFO [main] org.apache.catalina.core.ApplicationContext.log ContextListener: contextInitialized()
14-Dec-2018 15:40:07.476 INFO [main] org.apache.catalina.core.ApplicationContext.log SessionListener: contextInitialized()
14-Dec-2018 15:40:07.482 INFO [main] org.apache.catalina.core.ApplicationContext.log ContextListener: attributeAdded('StockTicker', 'async.Stockticker@5246a3b3')
14-Dec-2018 15:42:04.614 INFO [main] org.apache.catalina.core.ApplicationContext.log SessionListener: contextDestroyed()
14-Dec-2018 15:42:04.614 INFO [main] org.apache.catalina.core.ApplicationContext.log ContextListener: contextDestroyed()
14-Dec-2018 16:33:56.391 INFO [main] org.apache.catalina.core.ApplicationContext.log ContextListener: contextInitialized()
14-Dec-2018 16:33:56.391 INFO [main] org.apache.catalina.core.ApplicationContext.log SessionListener: contextInitialized()
14-Dec-2018 16:33:56.393 INFO [main] org.apache.catalina.core.ApplicationContext.log ContextListener: attributeAdded('StockTicker', 'async.Stockticker@726a6b94')
14-Dec-2018 18:03:09.464 INFO [main] org.apache.catalina.core.ApplicationContext.log ContextListener: contextInitialized()
14-Dec-2018 18:03:09.464 INFO [main] org.apache.catalina.core.ApplicationContext.log SessionListener: contextInitialized()
14-Dec-2018 18:03:09.466 INFO [main] org.apache.catalina.core.ApplicationContext.log ContextListener: attributeAdded('StockTicker', 'async.Stockticker@173373b4')
14-Dec-2018 18:03:09.737 INFO [main] org.apache.catalina.core.ApplicationContext.log SessionListener: contextDestroyed()
14-Dec-2018 18:03:09.737 INFO [main] org.apache.catalina.core.ApplicationContext.log ContextListener: contextDestroyed()
14-Dec-2018 18:10:13.384 INFO [main] org.apache.catalina.core.ApplicationContext.log ContextListener: contextInitialized()
14-Dec-2018 18:10:13.384 INFO [main] org.apache.catalina.core.ApplicationContext.log SessionListener: contextInitialized()
14-Dec-2018 18:10:13.386 INFO [main] org.apache.catalina.core.ApplicationContext.log ContextListener: attributeAdded('StockTicker', 'async.Stockticker@1f1cae23')
14-Dec-2018 18:12:11.390 INFO [main] org.apache.catalina.core.ApplicationContext.log SessionListener: contextDestroyed()
14-Dec-2018 18:12:11.390 INFO [main] org.apache.catalina.core.ApplicationContext.log ContextListener: contextDestroyed()
14-Dec-2018 18:14:02.349 INFO [main] org.apache.catalina.core.ApplicationContext.log ContextListener: contextInitialized()
14-Dec-2018 18:14:02.349 INFO [main] org.apache.catalina.core.ApplicationContext.log SessionListener: contextInitialized()
14-Dec-2018 18:14:02.351 INFO [main] org.apache.catalina.core.ApplicationContext.log ContextListener: attributeAdded('StockTicker', 'async.Stockticker@4e25147a')
14-Dec-2018 18:15:59.447 INFO [main] org.apache.catalina.core.ApplicationContext.log SessionListener: contextDestroyed()
14-Dec-2018 18:15:59.447 INFO [main] org.apache.catalina.core.ApplicationContext.log ContextListener: contextDestroyed()
14-Dec-2018 18:17:15.557 INFO [main] org.apache.catalina.core.ApplicationContext.log ContextListener: contextInitialized()
14-Dec-2018 18:17:15.557 INFO [main] org.apache.catalina.core.ApplicationContext.log SessionListener: contextInitialized()
14-Dec-2018 18:17:15.559 INFO [main] org.apache.catalina.core.ApplicationContext.log ContextListener: attributeAdded('StockTicker', 'async.Stockticker@52a70627')
14-Dec-2018 18:19:13.373 INFO [main] org.apache.catalina.core.ApplicationContext.log SessionListener: contextDestroyed()
14-Dec-2018 18:19:13.373 INFO [main] org.apache.catalina.core.ApplicationContext.log ContextListener: contextDestroyed()
14-Dec-2018 18:23:38.015 INFO [main] org.apache.catalina.core.ApplicationContext.log ContextListener: contextInitialized()
14-Dec-2018 18:23:38.015 INFO [main] org.apache.catalina.core.ApplicationContext.log SessionListener: contextInitialized()
14-Dec-2018 18:23:38.017 INFO [main] org.apache.catalina.core.ApplicationContext.log ContextListener: attributeAdded('StockTicker', 'async.Stockticker@52a70627')
14-Dec-2018 18:25:36.739 INFO [main] org.apache.catalina.core.ApplicationContext.log SessionListener: contextDestroyed()
14-Dec-2018 18:25:36.740 INFO [main] org.apache.catalina.core.ApplicationContext.log ContextListener: contextDestroyed()
14-Dec-2018 18:26:10.367 INFO [main] org.apache.catalina.core.ApplicationContext.log ContextListener: contextInitialized()
14-Dec-2018 18:26:10.367 INFO [main] org.apache.catalina.core.ApplicationContext.log SessionListener: contextInitialized()
14-Dec-2018 18:26:10.369 INFO [main] org.apache.catalina.core.ApplicationContext.log ContextListener: attributeAdded('StockTicker', 'async.Stockticker@52a70627')
14-Dec-2018 18:28:06.008 INFO [main] org.apache.catalina.core.ApplicationContext.log SessionListener: contextDestroyed()
14-Dec-2018 18:28:06.008 INFO [main] org.apache.catalina.core.ApplicationContext.log ContextListener: contextDestroyed()
14-Dec-2018 18:54:11.081 INFO [main] org.apache.catalina.core.ApplicationContext.log ContextListener: contextInitialized()
14-Dec-2018 18:54:11.081 INFO [main] org.apache.catalina.core.ApplicationContext.log SessionListener: contextInitialized()
14-Dec-2018 18:54:11.085 INFO [main] org.apache.catalina.core.ApplicationContext.log ContextListener: attributeAdded('StockTicker', 'async.Stockticker@52a70627')
14-Dec-2018 18:56:08.751 INFO [main] org.apache.catalina.core.ApplicationContext.log SessionListener: contextDestroyed()
14-Dec-2018 18:56:08.752 INFO [main] org.apache.catalina.core.ApplicationContext.log ContextListener: contextDestroyed()
14-Dec-2018 18:56:41.480 INFO [main] org.apache.catalina.core.ApplicationContext.log ContextListener: contextInitialized()
14-Dec-2018 18:56:41.480 INFO [main] org.apache.catalina.core.ApplicationContext.log SessionListener: contextInitialized()
14-Dec-2018 18:56:41.482 INFO [main] org.apache.catalina.core.ApplicationContext.log ContextListener: attributeAdded('StockTicker', 'async.Stockticker@5754de72')
14-Dec-2018 18:58:38.539 INFO [main] org.apache.catalina.core.ApplicationContext.log SessionListener: contextDestroyed()
14-Dec-2018 18:58:38.539 INFO [main] org.apache.catalina.core.ApplicationContext.log ContextListener: contextDestroyed()
14-Dec-2018 18:59:44.516 INFO [main] org.apache.catalina.core.ApplicationContext.log ContextListener: contextInitialized()
14-Dec-2018 18:59:44.517 INFO [main] org.apache.catalina.core.ApplicationContext.log SessionListener: contextInitialized()
14-Dec-2018 18:59:44.524 INFO [main] org.apache.catalina.core.ApplicationContext.log ContextListener: attributeAdded('StockTicker', 'async.Stockticker@52a70627')
14-Dec-2018 19:01:41.374 INFO [main] org.apache.catalina.core.ApplicationContext.log SessionListener: contextDestroyed()
14-Dec-2018 19:01:41.374 INFO [main] org.apache.catalina.core.ApplicationContext.log ContextListener: contextDestroyed()
14-Dec-2018 19:02:28.985 INFO [main] org.apache.catalina.core.ApplicationContext.log ContextListener: contextInitialized()
14-Dec-2018 19:02:28.985 INFO [main] org.apache.catalina.core.ApplicationContext.log SessionListener: contextInitialized()
14-Dec-2018 19:02:28.987 INFO [main] org.apache.catalina.core.ApplicationContext.log ContextListener: attributeAdded('StockTicker', 'async.Stockticker@5754de72')
14-Dec-2018 19:04:26.042 INFO [main] org.apache.catalina.core.ApplicationContext.log SessionListener: contextDestroyed()
14-Dec-2018 19:04:26.043 INFO [main] org.apache.catalina.core.ApplicationContext.log ContextListener: contextDestroyed()
14-Dec-2018 19:24:54.957 INFO [main] org.apache.catalina.core.ApplicationContext.log ContextListener: contextInitialized()
14-Dec-2018 19:24:54.957 INFO [main] org.apache.catalina.core.ApplicationContext.log SessionListener: contextInitialized()
14-Dec-2018 19:24:54.959 INFO [main] org.apache.catalina.core.ApplicationContext.log ContextListener: attributeAdded('StockTicker', 'async.Stockticker@5754de72')
14-Dec-2018 19:26:53.049 INFO [main] org.apache.catalina.core.ApplicationContext.log SessionListener: contextDestroyed()
14-Dec-2018 19:26:53.049 INFO [main] org.apache.catalina.core.ApplicationContext.log ContextListener: contextDestroyed()
14-Dec-2018 19:29:25.800 INFO [main] org.apache.catalina.core.ApplicationContext.log ContextListener: contextInitialized()
14-Dec-2018 19:29:25.800 INFO [main] org.apache.catalina.core.ApplicationContext.log SessionListener: contextInitialized()
14-Dec-2018 19:29:25.802 INFO [main] org.apache.catalina.core.ApplicationContext.log ContextListener: attributeAdded('StockTicker', 'async.Stockticker@5754de72')
14-Dec-2018 19:31:23.223 INFO [main] org.apache.catalina.core.ApplicationContext.log SessionListener: contextDestroyed()
14-Dec-2018 19:31:23.223 INFO [main] org.apache.catalina.core.ApplicationContext.log ContextListener: contextDestroyed()
14-Dec-2018 19:33:53.647 INFO [main] org.apache.catalina.core.ApplicationContext.log ContextListener: contextInitialized()
14-Dec-2018 19:33:53.648 INFO [main] org.apache.catalina.core.ApplicationContext.log SessionListener: contextInitialized()
14-Dec-2018 19:33:53.650 INFO [main] org.apache.catalina.core.ApplicationContext.log ContextListener: attributeAdded('StockTicker', 'async.Stockticker@5754de72')
14-Dec-2018 19:35:51.348 INFO [main] org.apache.catalina.core.ApplicationContext.log SessionListener: contextDestroyed()
14-Dec-2018 19:35:51.348 INFO [main] org.apache.catalina.core.ApplicationContext.log ContextListener: contextDestroyed()
14-Dec-2018 20:02:58.961 INFO [main] org.apache.catalina.core.ApplicationContext.log ContextListener: contextInitialized()
14-Dec-2018 20:02:58.961 INFO [main] org.apache.catalina.core.ApplicationContext.log SessionListener: contextInitialized()
14-Dec-2018 20:02:58.963 INFO [main] org.apache.catalina.core.ApplicationContext.log ContextListener: attributeAdded('StockTicker', 'async.Stockticker@5754de72')
14-Dec-2018 20:04:56.928 INFO [main] org.apache.catalina.core.ApplicationContext.log SessionListener: contextDestroyed()
14-Dec-2018 20:04:56.928 INFO [main] org.apache.catalina.core.ApplicationContext.log ContextListener: contextDestroyed()
14-Dec-2018 20:05:33.885 INFO [main] org.apache.catalina.core.ApplicationContext.log ContextListener: contextInitialized()
14-Dec-2018 20:05:33.885 INFO [main] org.apache.catalina.core.ApplicationContext.log SessionListener: contextInitialized()
14-Dec-2018 20:05:33.887 INFO [main] org.apache.catalina.core.ApplicationContext.log ContextListener: attributeAdded('StockTicker', 'async.Stockticker@52a70627')
14-Dec-2018 20:07:31.577 INFO [main] org.apache.catalina.core.ApplicationContext.log SessionListener: contextDestroyed()
14-Dec-2018 20:07:31.578 INFO [main] org.apache.catalina.core.ApplicationContext.log ContextListener: contextDestroyed()
14-Dec-2018 20:08:38.105 INFO [main] org.apache.catalina.core.ApplicationContext.log ContextListener: contextInitialized()
14-Dec-2018 20:08:38.105 INFO [main] org.apache.catalina.core.ApplicationContext.log SessionListener: contextInitialized()
14-Dec-2018 20:08:38.107 INFO [main] org.apache.catalina.core.ApplicationContext.log ContextListener: attributeAdded('StockTicker', 'async.Stockticker@5754de72')
14-Dec-2018 20:09:37.655 INFO [main] org.apache.catalina.core.ApplicationContext.log ContextListener: contextInitialized()
14-Dec-2018 20:09:37.655 INFO [main] org.apache.catalina.core.ApplicationContext.log SessionListener: contextInitialized()
14-Dec-2018 20:09:37.657 INFO [main] org.apache.catalina.core.ApplicationContext.log ContextListener: attributeAdded('StockTicker', 'async.Stockticker@1f1cae23')
14-Dec-2018 20:10:47.746 INFO [main] org.apache.catalina.core.ApplicationContext.log ContextListener: contextInitialized()
14-Dec-2018 20:10:47.746 INFO [main] org.apache.catalina.core.ApplicationContext.log SessionListener: contextInitialized()
14-Dec-2018 20:10:47.749 INFO [main] org.apache.catalina.core.ApplicationContext.log ContextListener: attributeAdded('StockTicker', 'async.Stockticker@1f1cae23')
14-Dec-2018 20:11:23.415 INFO [main] org.apache.catalina.core.ApplicationContext.log ContextListener: contextInitialized()
14-Dec-2018 20:11:23.415 INFO [main] org.apache.catalina.core.ApplicationContext.log SessionListener: contextInitialized()
14-Dec-2018 20:11:23.417 INFO [main] org.apache.catalina.core.ApplicationContext.log ContextListener: attributeAdded('StockTicker', 'async.Stockticker@1f1cae23')
14-Dec-2018 20:12:16.369 INFO [main] org.apache.catalina.core.ApplicationContext.log ContextListener: contextInitialized()
14-Dec-2018 20:12:16.369 INFO [main] org.apache.catalina.core.ApplicationContext.log SessionListener: contextInitialized()
14-Dec-2018 20:12:16.371 INFO [main] org.apache.catalina.core.ApplicationContext.log ContextListener: attributeAdded('StockTicker', 'async.Stockticker@1f1cae23')
14-Dec-2018 20:14:14.194 INFO [main] org.apache.catalina.core.ApplicationContext.log SessionListener: contextDestroyed()
14-Dec-2018 20:14:14.194 INFO [main] org.apache.catalina.core.ApplicationContext.log ContextListener: contextDestroyed()
14-Dec-2018 20:16:21.525 INFO [main] org.apache.catalina.core.ApplicationContext.log ContextListener: contextInitialized()
14-Dec-2018 20:16:21.525 INFO [main] org.apache.catalina.core.ApplicationContext.log SessionListener: contextInitialized()
14-Dec-2018 20:16:21.529 INFO [main] org.apache.catalina.core.ApplicationContext.log ContextListener: attributeAdded('StockTicker', 'async.Stockticker@52a70627')
14-Dec-2018 20:18:18.496 INFO [main] org.apache.catalina.core.ApplicationContext.log SessionListener: contextDestroyed()
14-Dec-2018 20:18:18.496 INFO [main] org.apache.catalina.core.ApplicationContext.log ContextListener: contextDestroyed()
14-Dec-2018 20:18:48.439 INFO [main] org.apache.catalina.core.ApplicationContext.log ContextListener: contextInitialized()
14-Dec-2018 20:18:48.439 INFO [main] org.apache.catalina.core.ApplicationContext.log SessionListener: contextInitialized()
14-Dec-2018 20:18:48.441 INFO [main] org.apache.catalina.core.ApplicationContext.log ContextListener: attributeAdded('StockTicker', 'async.Stockticker@5754de72')
14-Dec-2018 20:20:46.146 INFO [main] org.apache.catalina.core.ApplicationContext.log SessionListener: contextDestroyed()
14-Dec-2018 20:20:46.147 INFO [main] org.apache.catalina.core.ApplicationContext.log ContextListener: contextDestroyed()
14-Dec-2018 20:24:24.978 INFO [main] org.apache.catalina.core.ApplicationContext.log ContextListener: contextInitialized()
14-Dec-2018 20:24:24.978 INFO [main] org.apache.catalina.core.ApplicationContext.log SessionListener: contextInitialized()
14-Dec-2018 20:24:24.982 INFO [main] org.apache.catalina.core.ApplicationContext.log ContextListener: attributeAdded('StockTicker', 'async.Stockticker@5754de72')
14-Dec-2018 20:26:22.823 INFO [main] org.apache.catalina.core.ApplicationContext.log SessionListener: contextDestroyed()
14-Dec-2018 20:26:22.823 INFO [main] org.apache.catalina.core.ApplicationContext.log ContextListener: contextDestroyed()
14-Dec-2018 20:28:09.788 INFO [main] org.apache.catalina.core.ApplicationContext.log ContextListener: contextInitialized()
14-Dec-2018 20:28:09.788 INFO [main] org.apache.catalina.core.ApplicationContext.log SessionListener: contextInitialized()
14-Dec-2018 20:28:09.790 INFO [main] org.apache.catalina.core.ApplicationContext.log ContextListener: attributeAdded('StockTicker', 'async.Stockticker@5754de72')
14-Dec-2018 20:32:13.724 INFO [main] org.apache.catalina.core.ApplicationContext.log ContextListener: contextInitialized()
14-Dec-2018 20:32:13.724 INFO [main] org.apache.catalina.core.ApplicationContext.log SessionListener: contextInitialized()
14-Dec-2018 20:32:13.728 INFO [main] org.apache.catalina.core.ApplicationContext.log ContextListener: attributeAdded('StockTicker', 'async.Stockticker@1f1cae23')
14-Dec-2018 20:34:08.467 INFO [main] org.apache.catalina.core.ApplicationContext.log SessionListener: contextDestroyed()
14-Dec-2018 20:34:08.467 INFO [main] org.apache.catalina.core.ApplicationContext.log ContextListener: contextDestroyed()
14-Dec-2018 20:36:19.729 INFO [main] org.apache.catalina.core.ApplicationContext.log ContextListener: contextInitialized()
14-Dec-2018 20:36:19.729 INFO [main] org.apache.catalina.core.ApplicationContext.log SessionListener: contextInitialized()
14-Dec-2018 20:36:19.731 INFO [main] org.apache.catalina.core.ApplicationContext.log ContextListener: attributeAdded('StockTicker', 'async.Stockticker@5754de72')
14-Dec-2018 20:38:13.638 INFO [main] org.apache.catalina.core.ApplicationContext.log SessionListener: contextDestroyed()
14-Dec-2018 20:38:13.639 INFO [main] org.apache.catalina.core.ApplicationContext.log ContextListener: contextDestroyed()
14-Dec-2018 20:38:38.859 INFO [main] org.apache.catalina.core.ApplicationContext.log ContextListener: contextInitialized()
14-Dec-2018 20:38:38.859 INFO [main] org.apache.catalina.core.ApplicationContext.log SessionListener: contextInitialized()
14-Dec-2018 20:38:38.861 INFO [main] org.apache.catalina.core.ApplicationContext.log ContextListener: attributeAdded('StockTicker', 'async.Stockticker@5754de72')
14-Dec-2018 20:40:35.780 INFO [main] org.apache.catalina.core.ApplicationContext.log SessionListener: contextDestroyed()
14-Dec-2018 20:40:35.780 INFO [main] org.apache.catalina.core.ApplicationContext.log ContextListener: contextDestroyed()
14-Dec-2018 20:41:53.702 INFO [main] org.apache.catalina.core.ApplicationContext.log ContextListener: contextInitialized()
14-Dec-2018 20:41:53.703 INFO [main] org.apache.catalina.core.ApplicationContext.log SessionListener: contextInitialized()
14-Dec-2018 20:41:53.705 INFO [main] org.apache.catalina.core.ApplicationContext.log ContextListener: attributeAdded('StockTicker', 'async.Stockticker@5754de72')
14-Dec-2018 20:43:50.399 INFO [main] org.apache.catalina.core.ApplicationContext.log SessionListener: contextDestroyed()
14-Dec-2018 20:43:50.399 INFO [main] org.apache.catalina.core.ApplicationContext.log ContextListener: contextDestroyed()
14-Dec-2018 20:44:15.745 INFO [main] org.apache.catalina.core.ApplicationContext.log ContextListener: contextInitialized()
14-Dec-2018 20:44:15.745 INFO [main] org.apache.catalina.core.ApplicationContext.log SessionListener: contextInitialized()
14-Dec-2018 20:44:15.747 INFO [main] org.apache.catalina.core.ApplicationContext.log ContextListener: attributeAdded('StockTicker', 'async.Stockticker@5754de72')
14-Dec-2018 20:46:13.847 INFO [main] org.apache.catalina.core.ApplicationContext.log SessionListener: contextDestroyed()
14-Dec-2018 20:46:13.847 INFO [main] org.apache.catalina.core.ApplicationContext.log ContextListener: contextDestroyed()
14-Dec-2018 20:46:37.998 INFO [main] org.apache.catalina.core.ApplicationContext.log ContextListener: contextInitialized()
14-Dec-2018 20:46:37.999 INFO [main] org.apache.catalina.core.ApplicationContext.log SessionListener: contextInitialized()
14-Dec-2018 20:46:38.000 INFO [main] org.apache.catalina.core.ApplicationContext.log ContextListener: attributeAdded('StockTicker', 'async.Stockticker@5754de72')
14-Dec-2018 20:48:36.114 INFO [main] org.apache.catalina.core.ApplicationContext.log SessionListener: contextDestroyed()
14-Dec-2018 20:48:36.114 INFO [main] org.apache.catalina.core.ApplicationContext.log ContextListener: contextDestroyed()
14-Dec-2018 20:49:53.484 INFO [main] org.apache.catalina.core.ApplicationContext.log ContextListener: contextInitialized()
14-Dec-2018 20:49:53.484 INFO [main] org.apache.catalina.core.ApplicationContext.log SessionListener: contextInitialized()
14-Dec-2018 20:49:53.486 INFO [main] org.apache.catalina.core.ApplicationContext.log ContextListener: attributeAdded('StockTicker', 'async.Stockticker@52a70627')
14-Dec-2018 20:51:51.349 INFO [main] org.apache.catalina.core.ApplicationContext.log SessionListener: contextDestroyed()
14-Dec-2018 20:51:51.349 INFO [main] org.apache.catalina.core.ApplicationContext.log ContextListener: contextDestroyed()
14-Dec-2018 20:58:58.050 INFO [main] org.apache.catalina.core.ApplicationContext.log ContextListener: contextInitialized()
14-Dec-2018 20:58:58.050 INFO [main] org.apache.catalina.core.ApplicationContext.log SessionListener: contextInitialized()
14-Dec-2018 20:58:58.053 INFO [main] org.apache.catalina.core.ApplicationContext.log ContextListener: attributeAdded('StockTicker', 'async.Stockticker@6124287a')
14-Dec-2018 20:58:58.400 INFO [main] org.apache.catalina.core.ApplicationContext.log SessionListener: contextDestroyed()
14-Dec-2018 20:58:58.400 INFO [main] org.apache.catalina.core.ApplicationContext.log ContextListener: contextDestroyed()
14-Dec-2018 21:29:49.518 INFO [main] org.apache.catalina.core.ApplicationContext.log ContextListener: contextInitialized()
14-Dec-2018 21:29:49.519 INFO [main] org.apache.catalina.core.ApplicationContext.log SessionListener: contextInitialized()
14-Dec-2018 21:29:49.520 INFO [main] org.apache.catalina.core.ApplicationContext.log ContextListener: attributeAdded('StockTicker', 'async.Stockticker@52a70627')
14-Dec-2018 21:51:43.632 INFO [main] org.apache.catalina.core.ApplicationContext.log SessionListener: contextDestroyed()
14-Dec-2018 21:51:43.632 INFO [main] org.apache.catalina.core.ApplicationContext.log ContextListener: contextDestroyed()
14-Dec-2018 22:17:25.984 INFO [main] org.apache.catalina.core.ApplicationContext.log ContextListener: contextInitialized()
14-Dec-2018 22:17:25.984 INFO [main] org.apache.catalina.core.ApplicationContext.log SessionListener: contextInitialized()
14-Dec-2018 22:17:25.986 INFO [main] org.apache.catalina.core.ApplicationContext.log ContextListener: attributeAdded('StockTicker', 'async.Stockticker@52a70627')
